ARM GAS  C:\Users\Nithish\AppData\Local\Temp\ccjLjZLx.s 			page 1


   1              		.syntax unified
   2              		.cpu cortex-m0
   3              		.fpu softvfp
   4              		.eabi_attribute 20, 1
   5              		.eabi_attribute 21, 1
   6              		.eabi_attribute 23, 3
   7              		.eabi_attribute 24, 1
   8              		.eabi_attribute 25, 1
   9              		.eabi_attribute 26, 1
  10              		.eabi_attribute 30, 1
  11              		.eabi_attribute 34, 0
  12              		.eabi_attribute 18, 4
  13              		.thumb
  14              		.syntax unified
  15              		.file	"main.c"
  16              		.text
  17              	.Ltext0:
  18              		.cfi_sections	.debug_frame
  19              		.section	.text.Stack_Handler,"ax",%progbits
  20              		.align	2
  21              		.global	Stack_Handler
  22              		.code	16
  23              		.thumb_func
  24              		.type	Stack_Handler, %function
  25              	Stack_Handler:
  26              	.LFB36:
  27              		.file 1 "main.c"
   1:main.c        **** /* ========================================
   2:main.c        ****  *
   3:main.c        ****  * Copyright YOUR COMPANY, THE YEAR
   4:main.c        ****  * All Rights Reserved
   5:main.c        ****  * UNPUBLISHED, LICENSED SOFTWARE.
   6:main.c        ****  *
   7:main.c        ****  * CONFIDENTIAL AND PROPRIETARY INFORMATION
   8:main.c        ****  * WHICH IS THE PROPERTY OF your company.
   9:main.c        ****  *
  10:main.c        ****  * ========================================
  11:main.c        **** */
  12:main.c        **** #include "project.h"
  13:main.c        **** #include "stdio.h"
  14:main.c        **** 
  15:main.c        **** CYBLE_CONN_HANDLE_T cyBle_connHandle; // Declare a connection handle
  16:main.c        **** 
  17:main.c        **** int sensor_data_flag = 0;  // declare a global variable which will be used for notifications and in
  18:main.c        **** 
  19:main.c        **** void Stack_Handler(uint32 eventCode, void* eventParam)
  20:main.c        **** {
  28              		.loc 1 20 0
  29              		.cfi_startproc
  30              		@ args = 0, pretend = 0, frame = 304
  31              		@ frame_needed = 0, uses_anonymous_args = 0
  32              	.LVL0:
  33 0000 10B5     		push	{r4, lr}
  34              		.cfi_def_cfa_offset 8
  35              		.cfi_offset 4, -8
  36              		.cfi_offset 14, -4
  37 0002 CCB0     		sub	sp, sp, #304
ARM GAS  C:\Users\Nithish\AppData\Local\Temp\ccjLjZLx.s 			page 2


  38              		.cfi_def_cfa_offset 312
  39 0004 0C00     		movs	r4, r1
  21:main.c        ****     // Pointer to a structure holding parameters for a GATT Server write request
  22:main.c        ****     CYBLE_GATTS_WRITE_REQ_PARAM_T *writeReqParam; 
  23:main.c        ****     
  24:main.c        ****     switch(eventCode)
  40              		.loc 1 24 0
  41 0006 2828     		cmp	r0, #40
  42 0008 03D0     		beq	.L3
  43 000a 4E28     		cmp	r0, #78
  44 000c 05D0     		beq	.L4
  45 000e 0128     		cmp	r0, #1
  46 0010 44D1     		bne	.L1
  47              	.L3:
  25:main.c        ****     {
  26:main.c        ****         // starting advertising once the stack is turned ON
  27:main.c        ****         case CYBLE_EVT_STACK_ON:
  28:main.c        ****         case CYBLE_EVT_GAP_DEVICE_DISCONNECTED:
  29:main.c        ****             CyBle_GappStartAdvertisement(CYBLE_ADVERTISING_FAST);
  48              		.loc 1 29 0
  49 0012 0020     		movs	r0, #0
  50              	.LVL1:
  51 0014 FFF7FEFF 		bl	CyBle_GappStartAdvertisement
  52              	.LVL2:
  30:main.c        ****             break;
  53              		.loc 1 30 0
  54 0018 40E0     		b	.L1
  55              	.LVL3:
  56              	.L4:
  31:main.c        ****         case CYBLE_EVT_GATTS_WRITE_CMD_REQ:
  32:main.c        ****             // Casting the eventParam to a pointer of type CYBLE_GATTS_WRITE_REQ_PARAM_T
  33:main.c        ****             writeReqParam = (CYBLE_GATTS_WRITE_REQ_PARAM_T *)eventParam;
  34:main.c        ****             
  35:main.c        ****             // if the attribute handle equals LED_CONTROL characterisic, enter this condition
  36:main.c        ****             if(writeReqParam->handleValPair.attrHandle == CYBLE_LED_CONTROL_CHAR_HANDLE)
  57              		.loc 1 36 0
  58 001a 8B89     		ldrh	r3, [r1, #12]
  59 001c 122B     		cmp	r3, #18
  60 001e 14D1     		bne	.L5
  37:main.c        ****             {
  38:main.c        ****                 if(writeReqParam->handleValPair.value.val[0] == 'a')
  61              		.loc 1 38 0
  62 0020 4B68     		ldr	r3, [r1, #4]
  63 0022 1B78     		ldrb	r3, [r3]
  64 0024 612B     		cmp	r3, #97
  65 0026 03D1     		bne	.L6
  39:main.c        ****                 {
  40:main.c        ****                     PWM_WriteCompare(0); // LED is off
  66              		.loc 1 40 0
  67 0028 0020     		movs	r0, #0
  68              	.LVL4:
  69 002a FFF7FEFF 		bl	PWM_WriteCompare
  70              	.LVL5:
  71 002e 0CE0     		b	.L5
  72              	.LVL6:
  73              	.L6:
  41:main.c        ****                 }
ARM GAS  C:\Users\Nithish\AppData\Local\Temp\ccjLjZLx.s 			page 3


  42:main.c        ****                 else if(writeReqParam->handleValPair.value.val[0] == 'b')
  74              		.loc 1 42 0
  75 0030 622B     		cmp	r3, #98
  76 0032 04D1     		bne	.L7
  43:main.c        ****                 {
  44:main.c        ****                     PWM_WriteCompare(500); // LED turns on and off every 500ms
  77              		.loc 1 44 0
  78 0034 FA20     		movs	r0, #250
  79              	.LVL7:
  80 0036 4000     		lsls	r0, r0, #1
  81 0038 FFF7FEFF 		bl	PWM_WriteCompare
  82              	.LVL8:
  83 003c 05E0     		b	.L5
  84              	.LVL9:
  85              	.L7:
  45:main.c        ****                 }
  46:main.c        ****                 else if(writeReqParam->handleValPair.value.val[0] == 'c')
  86              		.loc 1 46 0
  87 003e 632B     		cmp	r3, #99
  88 0040 03D1     		bne	.L5
  47:main.c        ****                 {
  48:main.c        ****                     PWM_WriteCompare(1000); // LED turns on
  89              		.loc 1 48 0
  90 0042 FA20     		movs	r0, #250
  91              	.LVL10:
  92 0044 8000     		lsls	r0, r0, #2
  93 0046 FFF7FEFF 		bl	PWM_WriteCompare
  94              	.LVL11:
  95              	.L5:
  49:main.c        ****                 }
  50:main.c        ****                 // Write the attribute value. Required only when a response to the write request is
  51:main.c        ****                 // In our case, we are writing without response
  52:main.c        ****                 //CyBle_GattsWriteAttributeValue(&writeReqParam->handleValPair, 0, &cyBle_connHandl
  53:main.c        ****             }
  54:main.c        ****             // if the attribute handle equals LED_VALUEREADFLAG characterisic, enter this condition
  55:main.c        ****             if(writeReqParam->handleValPair.attrHandle == CYBLE_LED_VALUEREADFLAG_CHAR_HANDLE)
  96              		.loc 1 55 0
  97 004a A389     		ldrh	r3, [r4, #12]
  98 004c 182B     		cmp	r3, #24
  99 004e 0AD1     		bne	.L8
  56:main.c        ****             {
  57:main.c        ****                 if(writeReqParam->handleValPair.value.val[0] == 'e')
 100              		.loc 1 57 0
 101 0050 6268     		ldr	r2, [r4, #4]
 102 0052 1278     		ldrb	r2, [r2]
 103 0054 652A     		cmp	r2, #101
 104 0056 03D1     		bne	.L9
  58:main.c        ****                 {
  59:main.c        ****                     sensor_data_flag = 'e';  // update flag to send notifications or indications
 105              		.loc 1 59 0
 106 0058 6521     		movs	r1, #101
 107 005a 114A     		ldr	r2, .L12
 108 005c 1160     		str	r1, [r2]
 109 005e 02E0     		b	.L8
 110              	.L9:
  60:main.c        ****                 }
  61:main.c        ****                 else
ARM GAS  C:\Users\Nithish\AppData\Local\Temp\ccjLjZLx.s 			page 4


  62:main.c        ****                 {
  63:main.c        ****                     sensor_data_flag = 0;  // update flag to unsubscribe to the sensor data
 111              		.loc 1 63 0
 112 0060 0021     		movs	r1, #0
 113 0062 0F4A     		ldr	r2, .L12
 114 0064 1160     		str	r1, [r2]
 115              	.L8:
  64:main.c        ****                 }
  65:main.c        ****                 // Write the attribute value. Required only when a response to the write request is
  66:main.c        ****                 // In our case, we are writing without any response
  67:main.c        ****                 //CyBle_GattsWriteAttributeValue(&writeReqParam->handleValPair, 0, &cyBle_connHandl
  68:main.c        ****             }
  69:main.c        ****             // if the attribute handle equals LED_FORMDATA characterisic, enter this condition
  70:main.c        ****             if(writeReqParam->handleValPair.attrHandle == CYBLE_LED_FORMDATA_CHAR_HANDLE)
 116              		.loc 1 70 0
 117 0066 1B2B     		cmp	r3, #27
 118 0068 18D1     		bne	.L1
 119              	.LBB2:
  71:main.c        ****             {
  72:main.c        ****                 // Prints the data received from the text box in the application.
  73:main.c        ****                 char form_data[300]={0};
 120              		.loc 1 73 0
 121 006a 9622     		movs	r2, #150
 122 006c 5200     		lsls	r2, r2, #1
 123 006e 0021     		movs	r1, #0
 124 0070 01A8     		add	r0, sp, #4
 125 0072 FFF7FEFF 		bl	memset
 126              	.LVL12:
 127              	.LBB3:
  74:main.c        ****                 for(int i=0; i<writeReqParam->handleValPair.value.len; i++)
 128              		.loc 1 74 0
 129 0076 0023     		movs	r3, #0
 130 0078 04E0     		b	.L10
 131              	.LVL13:
 132              	.L11:
  75:main.c        ****                 {
  76:main.c        ****                     form_data[i] = writeReqParam->handleValPair.value.val[i];
 133              		.loc 1 76 0 discriminator 3
 134 007a 6268     		ldr	r2, [r4, #4]
 135 007c D15C     		ldrb	r1, [r2, r3]
 136 007e 01AA     		add	r2, sp, #4
 137 0080 D154     		strb	r1, [r2, r3]
  74:main.c        ****                 for(int i=0; i<writeReqParam->handleValPair.value.len; i++)
 138              		.loc 1 74 0 discriminator 3
 139 0082 0133     		adds	r3, r3, #1
 140              	.LVL14:
 141              	.L10:
  74:main.c        ****                 for(int i=0; i<writeReqParam->handleValPair.value.len; i++)
 142              		.loc 1 74 0 is_stmt 0 discriminator 1
 143 0084 2289     		ldrh	r2, [r4, #8]
 144 0086 9342     		cmp	r3, r2
 145 0088 F7DB     		blt	.L11
 146              	.LBE3:
  77:main.c        ****                 }
  78:main.c        ****                 sprintf(form_data, "%s", form_data);
  79:main.c        ****                 UART_1_PutString(form_data);
 147              		.loc 1 79 0 is_stmt 1
ARM GAS  C:\Users\Nithish\AppData\Local\Temp\ccjLjZLx.s 			page 5


 148 008a 01A8     		add	r0, sp, #4
 149 008c FFF7FEFF 		bl	UART_1_PutString
 150              	.LVL15:
  80:main.c        ****                 UART_1_PutChar('\n');
 151              		.loc 1 80 0
 152 0090 0A20     		movs	r0, #10
 153 0092 FFF7FEFF 		bl	UART_1_PutChar
 154              	.LVL16:
  81:main.c        ****                 UART_1_PutChar('\r');
 155              		.loc 1 81 0
 156 0096 0D20     		movs	r0, #13
 157 0098 FFF7FEFF 		bl	UART_1_PutChar
 158              	.LVL17:
 159              	.L1:
 160              	.LBE2:
  82:main.c        ****             }
  83:main.c        ****             //Send a response to the write request.
  84:main.c        ****             // In our case, we are writing without response
  85:main.c        ****             //CyBle_GattsWriteRsp(cyBle_connHandle);
  86:main.c        ****             break; 
  87:main.c        ****         default:
  88:main.c        ****             break;
  89:main.c        ****     }
  90:main.c        **** }
 161              		.loc 1 90 0
 162 009c 4CB0     		add	sp, sp, #304
 163              		@ sp needed
 164              	.LVL18:
 165 009e 10BD     		pop	{r4, pc}
 166              	.L13:
 167              		.align	2
 168              	.L12:
 169 00a0 00000000 		.word	.LANCHOR0
 170              		.cfi_endproc
 171              	.LFE36:
 172              		.size	Stack_Handler, .-Stack_Handler
 173              		.section	.text.main,"ax",%progbits
 174              		.align	2
 175              		.global	main
 176              		.code	16
 177              		.thumb_func
 178              		.type	main, %function
 179              	main:
 180              	.LFB37:
  91:main.c        **** 
  92:main.c        **** 
  93:main.c        **** int main(void)
  94:main.c        **** {
 181              		.loc 1 94 0
 182              		.cfi_startproc
 183              		@ args = 0, pretend = 0, frame = 16
 184              		@ frame_needed = 0, uses_anonymous_args = 0
 185 0000 10B5     		push	{r4, lr}
 186              		.cfi_def_cfa_offset 8
 187              		.cfi_offset 4, -8
 188              		.cfi_offset 14, -4
 189 0002 84B0     		sub	sp, sp, #16
ARM GAS  C:\Users\Nithish\AppData\Local\Temp\ccjLjZLx.s 			page 6


 190              		.cfi_def_cfa_offset 24
  95:main.c        ****     CyGlobalIntEnable; // Enable global interrupts.
 191              		.loc 1 95 0
 192              		.syntax divided
 193              	@ 95 "main.c" 1
 194 0004 62B6     		CPSIE   i
 195              	@ 0 "" 2
  96:main.c        ****     
  97:main.c        ****     UART_1_Start();
 196              		.loc 1 97 0
 197              		.thumb
 198              		.syntax unified
 199 0006 FFF7FEFF 		bl	UART_1_Start
 200              	.LVL19:
  98:main.c        ****     
  99:main.c        ****     ADC_1_Start();
 201              		.loc 1 99 0
 202 000a FFF7FEFF 		bl	ADC_1_Start
 203              	.LVL20:
 100:main.c        ****     
 101:main.c        ****     ADC_1_StartConvert();
 204              		.loc 1 101 0
 205 000e FFF7FEFF 		bl	ADC_1_StartConvert
 206              	.LVL21:
 102:main.c        **** 
 103:main.c        ****     PWM_Start();
 207              		.loc 1 103 0
 208 0012 FFF7FEFF 		bl	PWM_Start
 209              	.LVL22:
 104:main.c        ****     
 105:main.c        ****     CyBle_Start(Stack_Handler);
 210              		.loc 1 105 0
 211 0016 1348     		ldr	r0, .L17
 212 0018 FFF7FEFF 		bl	CyBle_Start
 213              	.LVL23:
 214              	.L15:
 106:main.c        ****     
 107:main.c        ****     // declare and initialize variables for sensor data
 108:main.c        ****     uint8 SensorValue;
 109:main.c        ****     uint8 PreviousValue = -100;
 110:main.c        ****     
 111:main.c        ****     
 112:main.c        ****     for(;;)
 113:main.c        ****     {
 114:main.c        ****         CyBle_ProcessEvents();  // process BLE events in each iteration
 215              		.loc 1 114 0
 216 001c FFF7FEFF 		bl	CyBle_ProcessEvents
 217              	.LVL24:
 115:main.c        ****         
 116:main.c        ****         ADC_1_IsEndConversion(ADC_1_WAIT_FOR_RESULT);
 218              		.loc 1 116 0
 219 0020 0220     		movs	r0, #2
 220 0022 FFF7FEFF 		bl	ADC_1_IsEndConversion
 221              	.LVL25:
 117:main.c        ****               
 118:main.c        ****         // can be replaced with a sensor. Right now a potentiometer is being used
 119:main.c        ****         if(sensor_data_flag=='e')
ARM GAS  C:\Users\Nithish\AppData\Local\Temp\ccjLjZLx.s 			page 7


 222              		.loc 1 119 0
 223 0026 104B     		ldr	r3, .L17+4
 224 0028 1B68     		ldr	r3, [r3]
 225 002a 652B     		cmp	r3, #101
 226 002c F6D1     		bne	.L15
 227              	.LBB4:
 120:main.c        ****         {
 121:main.c        ****             SensorValue = ADC_1_GetResult16(0);
 228              		.loc 1 121 0
 229 002e 0020     		movs	r0, #0
 230 0030 FFF7FEFF 		bl	ADC_1_GetResult16
 231              	.LVL26:
 232 0034 0F23     		movs	r3, #15
 233 0036 6B44     		add	r3, r3, sp
 234 0038 1870     		strb	r0, [r3]
 122:main.c        ****             
 123:main.c        ****             // Uncomment for sending notifications
 124:main.c        ****             /*CYBLE_GATTS_HANDLE_VALUE_NTF_T readResponse;
 125:main.c        ****             readResponse.attrHandle = CYBLE_LED_VALUEREAD_CHAR_HANDLE;
 126:main.c        ****             readResponse.value.len = 1;
 127:main.c        ****             readResponse.value.val = &SensorValue;  // Set the desired value here*/
 128:main.c        ****             
 129:main.c        ****             // Set up the indicationHandle with the appropriate attribute handle and value
 130:main.c        ****             CYBLE_GATTS_HANDLE_VALUE_IND_T indicationHandle;
 131:main.c        ****             indicationHandle.attrHandle = CYBLE_LED_VALUEREAD_CHAR_HANDLE;
 235              		.loc 1 131 0
 236 003a 1422     		movs	r2, #20
 237 003c 6946     		mov	r1, sp
 238 003e 0A81     		strh	r2, [r1, #8]
 132:main.c        ****             indicationHandle.value.val = &SensorValue; // Your data
 239              		.loc 1 132 0
 240 0040 0093     		str	r3, [sp]
 133:main.c        ****             indicationHandle.value.len = 1; // Length of your data
 241              		.loc 1 133 0
 242 0042 0123     		movs	r3, #1
 243 0044 8B80     		strh	r3, [r1, #4]
 134:main.c        ****             
 135:main.c        ****             //CyBle_GattsWriteAttributeValue(&readResponse, 0, &cyBle_connHandle, 0);  // Write the
 136:main.c        ****             CyBle_GattsWriteAttributeValue(&indicationHandle, 0, &cyBle_connHandle, 0);  // Write t
 244              		.loc 1 136 0
 245 0046 094C     		ldr	r4, .L17+8
 246 0048 0023     		movs	r3, #0
 247 004a 2200     		movs	r2, r4
 248 004c 0021     		movs	r1, #0
 249 004e 6846     		mov	r0, sp
 250 0050 FFF7FEFF 		bl	CyBle_GattsWriteAttributeValue
 251              	.LVL27:
 137:main.c        **** 
 138:main.c        ****                                  
 139:main.c        ****             if(1){
 140:main.c        ****                 // uncomment for sending notifications
 141:main.c        ****                 //CyBle_GattsNotification(cyBle_connHandle, &readResponse); // Send a notification
 142:main.c        ****                 CyBle_GattsIndication(cyBle_connHandle, &indicationHandle); // Send an indication
 252              		.loc 1 142 0
 253 0054 2378     		ldrb	r3, [r4]
 254 0056 6078     		ldrb	r0, [r4, #1]
 255 0058 0002     		lsls	r0, r0, #8
ARM GAS  C:\Users\Nithish\AppData\Local\Temp\ccjLjZLx.s 			page 8


 256 005a 1843     		orrs	r0, r3
 257 005c 6946     		mov	r1, sp
 258 005e FFF7FEFF 		bl	CyBle_GattsIndication
 259              	.LVL28:
 260 0062 DBE7     		b	.L15
 261              	.L18:
 262              		.align	2
 263              	.L17:
 264 0064 00000000 		.word	Stack_Handler
 265 0068 00000000 		.word	.LANCHOR0
 266 006c 00000000 		.word	cyBle_connHandle
 267              	.LBE4:
 268              		.cfi_endproc
 269              	.LFE37:
 270              		.size	main, .-main
 271              		.global	sensor_data_flag
 272              		.comm	cyBle_connHandle,2,4
 273              		.bss
 274              		.align	2
 275              		.set	.LANCHOR0,. + 0
 276              		.type	sensor_data_flag, %object
 277              		.size	sensor_data_flag, 4
 278              	sensor_data_flag:
 279 0000 00000000 		.space	4
 280              		.text
 281              	.Letext0:
 282              		.file 2 "Generated_Source\\PSoC4/cytypes.h"
 283              		.file 3 "Generated_Source\\PSoC4/BLE_1_StackGatt.h"
 284              		.file 4 "Generated_Source\\PSoC4/BLE_1_StackGattServer.h"
 285              		.file 5 "Generated_Source\\PSoC4/UART_1.h"
 286              		.file 6 "Generated_Source\\PSoC4/BLE_1.h"
 287              		.file 7 "Generated_Source\\PSoC4/PWM.h"
 288              		.file 8 "Generated_Source\\PSoC4/ADC_1.h"
 289              		.file 9 "Generated_Source\\PSoC4/BLE_1_StackGattDb.h"
 290              		.file 10 "Generated_Source\\PSoC4/BLE_1_Stack.h"
 291              		.section	.debug_info,"",%progbits
 292              	.Ldebug_info0:
 293 0000 44060000 		.4byte	0x644
 294 0004 0400     		.2byte	0x4
 295 0006 00000000 		.4byte	.Ldebug_abbrev0
 296 000a 04       		.byte	0x4
 297 000b 01       		.uleb128 0x1
 298 000c 50010000 		.4byte	.LASF125
 299 0010 0C       		.byte	0xc
 300 0011 CA080000 		.4byte	.LASF126
 301 0015 86090000 		.4byte	.LASF127
 302 0019 00000000 		.4byte	.Ldebug_ranges0+0
 303 001d 00000000 		.4byte	0
 304 0021 00000000 		.4byte	.Ldebug_line0
 305 0025 02       		.uleb128 0x2
 306 0026 01       		.byte	0x1
 307 0027 06       		.byte	0x6
 308 0028 BF020000 		.4byte	.LASF0
 309 002c 02       		.uleb128 0x2
 310 002d 01       		.byte	0x1
 311 002e 08       		.byte	0x8
 312 002f 0F0A0000 		.4byte	.LASF1
ARM GAS  C:\Users\Nithish\AppData\Local\Temp\ccjLjZLx.s 			page 9


 313 0033 02       		.uleb128 0x2
 314 0034 02       		.byte	0x2
 315 0035 05       		.byte	0x5
 316 0036 2F0A0000 		.4byte	.LASF2
 317 003a 02       		.uleb128 0x2
 318 003b 02       		.byte	0x2
 319 003c 07       		.byte	0x7
 320 003d C30B0000 		.4byte	.LASF3
 321 0041 02       		.uleb128 0x2
 322 0042 04       		.byte	0x4
 323 0043 05       		.byte	0x5
 324 0044 47010000 		.4byte	.LASF4
 325 0048 02       		.uleb128 0x2
 326 0049 04       		.byte	0x4
 327 004a 07       		.byte	0x7
 328 004b D4040000 		.4byte	.LASF5
 329 004f 02       		.uleb128 0x2
 330 0050 08       		.byte	0x8
 331 0051 05       		.byte	0x5
 332 0052 B1020000 		.4byte	.LASF6
 333 0056 02       		.uleb128 0x2
 334 0057 08       		.byte	0x8
 335 0058 07       		.byte	0x7
 336 0059 DE010000 		.4byte	.LASF7
 337 005d 03       		.uleb128 0x3
 338 005e 04       		.byte	0x4
 339 005f 05       		.byte	0x5
 340 0060 696E7400 		.ascii	"int\000"
 341 0064 02       		.uleb128 0x2
 342 0065 04       		.byte	0x4
 343 0066 07       		.byte	0x7
 344 0067 2D0B0000 		.4byte	.LASF8
 345 006b 04       		.uleb128 0x4
 346 006c 8A030000 		.4byte	.LASF9
 347 0070 02       		.byte	0x2
 348 0071 FB01     		.2byte	0x1fb
 349 0073 2C000000 		.4byte	0x2c
 350 0077 04       		.uleb128 0x4
 351 0078 3F000000 		.4byte	.LASF10
 352 007c 02       		.byte	0x2
 353 007d FC01     		.2byte	0x1fc
 354 007f 3A000000 		.4byte	0x3a
 355 0083 04       		.uleb128 0x4
 356 0084 E5030000 		.4byte	.LASF11
 357 0088 02       		.byte	0x2
 358 0089 FD01     		.2byte	0x1fd
 359 008b 48000000 		.4byte	0x48
 360 008f 02       		.uleb128 0x2
 361 0090 04       		.byte	0x4
 362 0091 04       		.byte	0x4
 363 0092 520C0000 		.4byte	.LASF12
 364 0096 02       		.uleb128 0x2
 365 0097 08       		.byte	0x8
 366 0098 04       		.byte	0x4
 367 0099 AF030000 		.4byte	.LASF13
 368 009d 02       		.uleb128 0x2
 369 009e 01       		.byte	0x1
ARM GAS  C:\Users\Nithish\AppData\Local\Temp\ccjLjZLx.s 			page 10


 370 009f 08       		.byte	0x8
 371 00a0 060B0000 		.4byte	.LASF14
 372 00a4 02       		.uleb128 0x2
 373 00a5 08       		.byte	0x8
 374 00a6 04       		.byte	0x4
 375 00a7 AA070000 		.4byte	.LASF15
 376 00ab 02       		.uleb128 0x2
 377 00ac 04       		.byte	0x4
 378 00ad 07       		.byte	0x7
 379 00ae 83070000 		.4byte	.LASF16
 380 00b2 05       		.uleb128 0x5
 381 00b3 04       		.byte	0x4
 382 00b4 06       		.uleb128 0x6
 383 00b5 01       		.byte	0x1
 384 00b6 2C000000 		.4byte	0x2c
 385 00ba 0A       		.byte	0xa
 386 00bb 3501     		.2byte	0x135
 387 00bd 72020000 		.4byte	0x272
 388 00c1 07       		.uleb128 0x7
 389 00c2 9C050000 		.4byte	.LASF17
 390 00c6 00       		.byte	0
 391 00c7 07       		.uleb128 0x7
 392 00c8 CB020000 		.4byte	.LASF18
 393 00cc 01       		.byte	0x1
 394 00cd 07       		.uleb128 0x7
 395 00ce 35010000 		.4byte	.LASF19
 396 00d2 02       		.byte	0x2
 397 00d3 07       		.uleb128 0x7
 398 00d4 AA0B0000 		.4byte	.LASF20
 399 00d8 03       		.byte	0x3
 400 00d9 07       		.uleb128 0x7
 401 00da 08020000 		.4byte	.LASF21
 402 00de 04       		.byte	0x4
 403 00df 07       		.uleb128 0x7
 404 00e0 23000000 		.4byte	.LASF22
 405 00e4 05       		.byte	0x5
 406 00e5 07       		.uleb128 0x7
 407 00e6 D1050000 		.4byte	.LASF23
 408 00ea 06       		.byte	0x6
 409 00eb 07       		.uleb128 0x7
 410 00ec DD060000 		.4byte	.LASF24
 411 00f0 20       		.byte	0x20
 412 00f1 07       		.uleb128 0x7
 413 00f2 07030000 		.4byte	.LASF25
 414 00f6 21       		.byte	0x21
 415 00f7 07       		.uleb128 0x7
 416 00f8 EA050000 		.4byte	.LASF26
 417 00fc 22       		.byte	0x22
 418 00fd 07       		.uleb128 0x7
 419 00fe 64060000 		.4byte	.LASF27
 420 0102 23       		.byte	0x23
 421 0103 07       		.uleb128 0x7
 422 0104 6E080000 		.4byte	.LASF28
 423 0108 24       		.byte	0x24
 424 0109 07       		.uleb128 0x7
 425 010a B6070000 		.4byte	.LASF29
 426 010e 25       		.byte	0x25
ARM GAS  C:\Users\Nithish\AppData\Local\Temp\ccjLjZLx.s 			page 11


 427 010f 07       		.uleb128 0x7
 428 0110 55030000 		.4byte	.LASF30
 429 0114 26       		.byte	0x26
 430 0115 07       		.uleb128 0x7
 431 0116 0E060000 		.4byte	.LASF31
 432 011a 27       		.byte	0x27
 433 011b 07       		.uleb128 0x7
 434 011c 0B0B0000 		.4byte	.LASF32
 435 0120 28       		.byte	0x28
 436 0121 07       		.uleb128 0x7
 437 0122 6B020000 		.4byte	.LASF33
 438 0126 29       		.byte	0x29
 439 0127 07       		.uleb128 0x7
 440 0128 84000000 		.4byte	.LASF34
 441 012c 2A       		.byte	0x2a
 442 012d 07       		.uleb128 0x7
 443 012e DE020000 		.4byte	.LASF35
 444 0132 2B       		.byte	0x2b
 445 0133 07       		.uleb128 0x7
 446 0134 7F0C0000 		.4byte	.LASF36
 447 0138 2C       		.byte	0x2c
 448 0139 07       		.uleb128 0x7
 449 013a 88020000 		.4byte	.LASF37
 450 013e 2D       		.byte	0x2d
 451 013f 07       		.uleb128 0x7
 452 0140 630B0000 		.4byte	.LASF38
 453 0144 2E       		.byte	0x2e
 454 0145 07       		.uleb128 0x7
 455 0146 CE000000 		.4byte	.LASF39
 456 014a 2F       		.byte	0x2f
 457 014b 07       		.uleb128 0x7
 458 014c 1C080000 		.4byte	.LASF40
 459 0150 30       		.byte	0x30
 460 0151 07       		.uleb128 0x7
 461 0152 D70C0000 		.4byte	.LASF41
 462 0156 31       		.byte	0x31
 463 0157 07       		.uleb128 0x7
 464 0158 FB070000 		.4byte	.LASF42
 465 015c 32       		.byte	0x32
 466 015d 07       		.uleb128 0x7
 467 015e BD0A0000 		.4byte	.LASF43
 468 0162 33       		.byte	0x33
 469 0163 07       		.uleb128 0x7
 470 0164 E6040000 		.4byte	.LASF44
 471 0168 34       		.byte	0x34
 472 0169 07       		.uleb128 0x7
 473 016a 3D080000 		.4byte	.LASF45
 474 016e 35       		.byte	0x35
 475 016f 07       		.uleb128 0x7
 476 0170 37060000 		.4byte	.LASF46
 477 0174 36       		.byte	0x36
 478 0175 07       		.uleb128 0x7
 479 0176 0F070000 		.4byte	.LASF47
 480 017a 37       		.byte	0x37
 481 017b 07       		.uleb128 0x7
 482 017c FA030000 		.4byte	.LASF48
 483 0180 40       		.byte	0x40
ARM GAS  C:\Users\Nithish\AppData\Local\Temp\ccjLjZLx.s 			page 12


 484 0181 07       		.uleb128 0x7
 485 0182 A0060000 		.4byte	.LASF49
 486 0186 41       		.byte	0x41
 487 0187 07       		.uleb128 0x7
 488 0188 68090000 		.4byte	.LASF50
 489 018c 42       		.byte	0x42
 490 018d 07       		.uleb128 0x7
 491 018e D60B0000 		.4byte	.LASF51
 492 0192 43       		.byte	0x43
 493 0193 07       		.uleb128 0x7
 494 0194 18050000 		.4byte	.LASF52
 495 0198 44       		.byte	0x44
 496 0199 07       		.uleb128 0x7
 497 019a EF080000 		.4byte	.LASF53
 498 019e 45       		.byte	0x45
 499 019f 07       		.uleb128 0x7
 500 01a0 62070000 		.4byte	.LASF54
 501 01a4 46       		.byte	0x46
 502 01a5 07       		.uleb128 0x7
 503 01a6 B3050000 		.4byte	.LASF55
 504 01aa 47       		.byte	0x47
 505 01ab 07       		.uleb128 0x7
 506 01ac 580C0000 		.4byte	.LASF56
 507 01b0 48       		.byte	0x48
 508 01b1 07       		.uleb128 0x7
 509 01b2 1E030000 		.4byte	.LASF57
 510 01b6 49       		.byte	0x49
 511 01b7 07       		.uleb128 0x7
 512 01b8 260C0000 		.4byte	.LASF58
 513 01bc 4A       		.byte	0x4a
 514 01bd 07       		.uleb128 0x7
 515 01be F7000000 		.4byte	.LASF59
 516 01c2 4B       		.byte	0x4b
 517 01c3 07       		.uleb128 0x7
 518 01c4 FE040000 		.4byte	.LASF60
 519 01c8 4C       		.byte	0x4c
 520 01c9 07       		.uleb128 0x7
 521 01ca E1070000 		.4byte	.LASF61
 522 01ce 4D       		.byte	0x4d
 523 01cf 07       		.uleb128 0x7
 524 01d0 37030000 		.4byte	.LASF62
 525 01d4 4E       		.byte	0x4e
 526 01d5 07       		.uleb128 0x7
 527 01d6 6C0A0000 		.4byte	.LASF63
 528 01da 4F       		.byte	0x4f
 529 01db 07       		.uleb128 0x7
 530 01dc 16010000 		.4byte	.LASF64
 531 01e0 50       		.byte	0x50
 532 01e1 07       		.uleb128 0x7
 533 01e2 90030000 		.4byte	.LASF65
 534 01e6 51       		.byte	0x51
 535 01e7 07       		.uleb128 0x7
 536 01e8 8A080000 		.4byte	.LASF66
 537 01ec 52       		.byte	0x52
 538 01ed 07       		.uleb128 0x7
 539 01ee 390A0000 		.4byte	.LASF67
 540 01f2 53       		.byte	0x53
ARM GAS  C:\Users\Nithish\AppData\Local\Temp\ccjLjZLx.s 			page 13


 541 01f3 07       		.uleb128 0x7
 542 01f4 8B0A0000 		.4byte	.LASF68
 543 01f8 54       		.byte	0x54
 544 01f9 07       		.uleb128 0x7
 545 01fa 36050000 		.4byte	.LASF69
 546 01fe 55       		.byte	0x55
 547 01ff 07       		.uleb128 0x7
 548 0200 74040000 		.4byte	.LASF70
 549 0204 56       		.byte	0x56
 550 0205 07       		.uleb128 0x7
 551 0206 3A0B0000 		.4byte	.LASF71
 552 020a 57       		.byte	0x57
 553 020b 07       		.uleb128 0x7
 554 020c 5A050000 		.4byte	.LASF72
 555 0210 58       		.byte	0x58
 556 0211 07       		.uleb128 0x7
 557 0212 45020000 		.4byte	.LASF73
 558 0216 70       		.byte	0x70
 559 0217 07       		.uleb128 0x7
 560 0218 AC0C0000 		.4byte	.LASF74
 561 021c 71       		.byte	0x71
 562 021d 07       		.uleb128 0x7
 563 021e C1060000 		.4byte	.LASF75
 564 0222 72       		.byte	0x72
 565 0223 07       		.uleb128 0x7
 566 0224 44070000 		.4byte	.LASF76
 567 0228 73       		.byte	0x73
 568 0229 07       		.uleb128 0x7
 569 022a D1080000 		.4byte	.LASF77
 570 022e 74       		.byte	0x74
 571 022f 07       		.uleb128 0x7
 572 0230 B6030000 		.4byte	.LASF78
 573 0234 75       		.byte	0x75
 574 0235 07       		.uleb128 0x7
 575 0236 AD000000 		.4byte	.LASF79
 576 023a 76       		.byte	0x76
 577 023b 07       		.uleb128 0x7
 578 023c 46000000 		.4byte	.LASF80
 579 0240 77       		.byte	0x77
 580 0241 07       		.uleb128 0x7
 581 0242 00000000 		.4byte	.LASF81
 582 0246 78       		.byte	0x78
 583 0247 07       		.uleb128 0x7
 584 0248 870B0000 		.4byte	.LASF82
 585 024c 79       		.byte	0x79
 586 024d 07       		.uleb128 0x7
 587 024e 14040000 		.4byte	.LASF83
 588 0252 7A       		.byte	0x7a
 589 0253 07       		.uleb128 0x7
 590 0254 1D020000 		.4byte	.LASF84
 591 0258 FA       		.byte	0xfa
 592 0259 07       		.uleb128 0x7
 593 025a A2040000 		.4byte	.LASF85
 594 025e FB       		.byte	0xfb
 595 025f 07       		.uleb128 0x7
 596 0260 5A0A0000 		.4byte	.LASF86
 597 0264 FC       		.byte	0xfc
ARM GAS  C:\Users\Nithish\AppData\Local\Temp\ccjLjZLx.s 			page 14


 598 0265 07       		.uleb128 0x7
 599 0266 EE0A0000 		.4byte	.LASF87
 600 026a FD       		.byte	0xfd
 601 026b 07       		.uleb128 0x7
 602 026c EC030000 		.4byte	.LASF88
 603 0270 FF       		.byte	0xff
 604 0271 00       		.byte	0
 605 0272 08       		.uleb128 0x8
 606 0273 04       		.byte	0x4
 607 0274 6B000000 		.4byte	0x6b
 608 0278 04       		.uleb128 0x4
 609 0279 FB0C0000 		.4byte	.LASF89
 610 027d 03       		.byte	0x3
 611 027e 8901     		.2byte	0x189
 612 0280 77000000 		.4byte	0x77
 613 0284 09       		.uleb128 0x9
 614 0285 02       		.byte	0x2
 615 0286 03       		.byte	0x3
 616 0287 9301     		.2byte	0x193
 617 0289 A8020000 		.4byte	0x2a8
 618 028d 0A       		.uleb128 0xa
 619 028e A30C0000 		.4byte	.LASF90
 620 0292 03       		.byte	0x3
 621 0293 9A01     		.2byte	0x19a
 622 0295 6B000000 		.4byte	0x6b
 623 0299 00       		.byte	0
 624 029a 0A       		.uleb128 0xa
 625 029b BB060000 		.4byte	.LASF91
 626 029f 03       		.byte	0x3
 627 02a0 A001     		.2byte	0x1a0
 628 02a2 6B000000 		.4byte	0x6b
 629 02a6 01       		.byte	0x1
 630 02a7 00       		.byte	0
 631 02a8 04       		.uleb128 0x4
 632 02a9 65000000 		.4byte	.LASF92
 633 02ad 03       		.byte	0x3
 634 02ae A201     		.2byte	0x1a2
 635 02b0 84020000 		.4byte	0x284
 636 02b4 09       		.uleb128 0x9
 637 02b5 08       		.byte	0x8
 638 02b6 03       		.byte	0x3
 639 02b7 BE01     		.2byte	0x1be
 640 02b9 E5020000 		.4byte	0x2e5
 641 02bd 0B       		.uleb128 0xb
 642 02be 76616C00 		.ascii	"val\000"
 643 02c2 03       		.byte	0x3
 644 02c3 C101     		.2byte	0x1c1
 645 02c5 72020000 		.4byte	0x272
 646 02c9 00       		.byte	0
 647 02ca 0B       		.uleb128 0xb
 648 02cb 6C656E00 		.ascii	"len\000"
 649 02cf 03       		.byte	0x3
 650 02d0 C401     		.2byte	0x1c4
 651 02d2 77000000 		.4byte	0x77
 652 02d6 04       		.byte	0x4
 653 02d7 0A       		.uleb128 0xa
 654 02d8 FD020000 		.4byte	.LASF93
ARM GAS  C:\Users\Nithish\AppData\Local\Temp\ccjLjZLx.s 			page 15


 655 02dc 03       		.byte	0x3
 656 02dd CB01     		.2byte	0x1cb
 657 02df 77000000 		.4byte	0x77
 658 02e3 06       		.byte	0x6
 659 02e4 00       		.byte	0
 660 02e5 04       		.uleb128 0x4
 661 02e6 F5010000 		.4byte	.LASF94
 662 02ea 03       		.byte	0x3
 663 02eb CD01     		.2byte	0x1cd
 664 02ed B4020000 		.4byte	0x2b4
 665 02f1 09       		.uleb128 0x9
 666 02f2 0C       		.byte	0xc
 667 02f3 03       		.byte	0x3
 668 02f4 D001     		.2byte	0x1d0
 669 02f6 15030000 		.4byte	0x315
 670 02fa 0A       		.uleb128 0xa
 671 02fb 4F040000 		.4byte	.LASF95
 672 02ff 03       		.byte	0x3
 673 0300 D301     		.2byte	0x1d3
 674 0302 E5020000 		.4byte	0x2e5
 675 0306 00       		.byte	0
 676 0307 0A       		.uleb128 0xa
 677 0308 44040000 		.4byte	.LASF96
 678 030c 03       		.byte	0x3
 679 030d D601     		.2byte	0x1d6
 680 030f 78020000 		.4byte	0x278
 681 0313 08       		.byte	0x8
 682 0314 00       		.byte	0
 683 0315 04       		.uleb128 0x4
 684 0316 AB080000 		.4byte	.LASF97
 685 031a 03       		.byte	0x3
 686 031b D801     		.2byte	0x1d8
 687 031d F1020000 		.4byte	0x2f1
 688 0321 0C       		.uleb128 0xc
 689 0322 7D050000 		.4byte	.LASF98
 690 0326 04       		.byte	0x4
 691 0327 37       		.byte	0x37
 692 0328 15030000 		.4byte	0x315
 693 032c 0D       		.uleb128 0xd
 694 032d 10       		.byte	0x10
 695 032e 04       		.byte	0x4
 696 032f 8A       		.byte	0x8a
 697 0330 4D030000 		.4byte	0x34d
 698 0334 0E       		.uleb128 0xe
 699 0335 79000000 		.4byte	.LASF99
 700 0339 04       		.byte	0x4
 701 033a 8D       		.byte	0x8d
 702 033b A8020000 		.4byte	0x2a8
 703 033f 00       		.byte	0
 704 0340 0E       		.uleb128 0xe
 705 0341 01070000 		.4byte	.LASF100
 706 0345 04       		.byte	0x4
 707 0346 90       		.byte	0x90
 708 0347 15030000 		.4byte	0x315
 709 034b 04       		.byte	0x4
 710 034c 00       		.byte	0
 711 034d 0C       		.uleb128 0xc
ARM GAS  C:\Users\Nithish\AppData\Local\Temp\ccjLjZLx.s 			page 16


 712 034e 8C070000 		.4byte	.LASF101
 713 0352 04       		.byte	0x4
 714 0353 92       		.byte	0x92
 715 0354 2C030000 		.4byte	0x32c
 716 0358 0F       		.uleb128 0xf
 717 0359 D7030000 		.4byte	.LASF128
 718 035d 01       		.byte	0x1
 719 035e 13       		.byte	0x13
 720 035f 00000000 		.4byte	.LFB36
 721 0363 A4000000 		.4byte	.LFE36-.LFB36
 722 0367 01       		.uleb128 0x1
 723 0368 9C       		.byte	0x9c
 724 0369 77040000 		.4byte	0x477
 725 036d 10       		.uleb128 0x10
 726 036e 3B020000 		.4byte	.LASF102
 727 0372 01       		.byte	0x1
 728 0373 13       		.byte	0x13
 729 0374 83000000 		.4byte	0x83
 730 0378 00000000 		.4byte	.LLST0
 731 037c 10       		.uleb128 0x10
 732 037d FB0B0000 		.4byte	.LASF103
 733 0381 01       		.byte	0x1
 734 0382 13       		.byte	0x13
 735 0383 B2000000 		.4byte	0xb2
 736 0387 6C000000 		.4byte	.LLST1
 737 038b 11       		.uleb128 0x11
 738 038c 16090000 		.4byte	.LASF104
 739 0390 01       		.byte	0x1
 740 0391 16       		.byte	0x16
 741 0392 77040000 		.4byte	0x477
 742 0396 DA000000 		.4byte	.LLST2
 743 039a 12       		.uleb128 0x12
 744 039b 6A000000 		.4byte	.LBB2
 745 039f 32000000 		.4byte	.LBE2-.LBB2
 746 03a3 2A040000 		.4byte	0x42a
 747 03a7 13       		.uleb128 0x13
 748 03a8 E40A0000 		.4byte	.LASF105
 749 03ac 01       		.byte	0x1
 750 03ad 49       		.byte	0x49
 751 03ae 7D040000 		.4byte	0x47d
 752 03b2 03       		.uleb128 0x3
 753 03b3 91       		.byte	0x91
 754 03b4 CC7D     		.sleb128 -308
 755 03b6 12       		.uleb128 0x12
 756 03b7 76000000 		.4byte	.LBB3
 757 03bb 14000000 		.4byte	.LBE3-.LBB3
 758 03bf D1030000 		.4byte	0x3d1
 759 03c3 14       		.uleb128 0x14
 760 03c4 6900     		.ascii	"i\000"
 761 03c6 01       		.byte	0x1
 762 03c7 4A       		.byte	0x4a
 763 03c8 5D000000 		.4byte	0x5d
 764 03cc 24010000 		.4byte	.LLST3
 765 03d0 00       		.byte	0
 766 03d1 15       		.uleb128 0x15
 767 03d2 76000000 		.4byte	.LVL12
 768 03d6 9D050000 		.4byte	0x59d
ARM GAS  C:\Users\Nithish\AppData\Local\Temp\ccjLjZLx.s 			page 17


 769 03da F2030000 		.4byte	0x3f2
 770 03de 16       		.uleb128 0x16
 771 03df 01       		.uleb128 0x1
 772 03e0 50       		.byte	0x50
 773 03e1 03       		.uleb128 0x3
 774 03e2 91       		.byte	0x91
 775 03e3 CC7D     		.sleb128 -308
 776 03e5 16       		.uleb128 0x16
 777 03e6 01       		.uleb128 0x1
 778 03e7 51       		.byte	0x51
 779 03e8 01       		.uleb128 0x1
 780 03e9 30       		.byte	0x30
 781 03ea 16       		.uleb128 0x16
 782 03eb 01       		.uleb128 0x1
 783 03ec 52       		.byte	0x52
 784 03ed 03       		.uleb128 0x3
 785 03ee 0A       		.byte	0xa
 786 03ef 2C01     		.2byte	0x12c
 787 03f1 00       		.byte	0
 788 03f2 15       		.uleb128 0x15
 789 03f3 90000000 		.4byte	.LVL15
 790 03f7 A6050000 		.4byte	0x5a6
 791 03fb 07040000 		.4byte	0x407
 792 03ff 16       		.uleb128 0x16
 793 0400 01       		.uleb128 0x1
 794 0401 50       		.byte	0x50
 795 0402 03       		.uleb128 0x3
 796 0403 91       		.byte	0x91
 797 0404 CC7D     		.sleb128 -308
 798 0406 00       		.byte	0
 799 0407 15       		.uleb128 0x15
 800 0408 96000000 		.4byte	.LVL16
 801 040c B1050000 		.4byte	0x5b1
 802 0410 1A040000 		.4byte	0x41a
 803 0414 16       		.uleb128 0x16
 804 0415 01       		.uleb128 0x1
 805 0416 50       		.byte	0x50
 806 0417 01       		.uleb128 0x1
 807 0418 3A       		.byte	0x3a
 808 0419 00       		.byte	0
 809 041a 17       		.uleb128 0x17
 810 041b 9C000000 		.4byte	.LVL17
 811 041f B1050000 		.4byte	0x5b1
 812 0423 16       		.uleb128 0x16
 813 0424 01       		.uleb128 0x1
 814 0425 50       		.byte	0x50
 815 0426 01       		.uleb128 0x1
 816 0427 3D       		.byte	0x3d
 817 0428 00       		.byte	0
 818 0429 00       		.byte	0
 819 042a 15       		.uleb128 0x15
 820 042b 18000000 		.4byte	.LVL2
 821 042f BC050000 		.4byte	0x5bc
 822 0433 3D040000 		.4byte	0x43d
 823 0437 16       		.uleb128 0x16
 824 0438 01       		.uleb128 0x1
 825 0439 50       		.byte	0x50
ARM GAS  C:\Users\Nithish\AppData\Local\Temp\ccjLjZLx.s 			page 18


 826 043a 01       		.uleb128 0x1
 827 043b 30       		.byte	0x30
 828 043c 00       		.byte	0
 829 043d 15       		.uleb128 0x15
 830 043e 2E000000 		.4byte	.LVL5
 831 0442 C8050000 		.4byte	0x5c8
 832 0446 50040000 		.4byte	0x450
 833 044a 16       		.uleb128 0x16
 834 044b 01       		.uleb128 0x1
 835 044c 50       		.byte	0x50
 836 044d 01       		.uleb128 0x1
 837 044e 30       		.byte	0x30
 838 044f 00       		.byte	0
 839 0450 15       		.uleb128 0x15
 840 0451 3C000000 		.4byte	.LVL8
 841 0455 C8050000 		.4byte	0x5c8
 842 0459 65040000 		.4byte	0x465
 843 045d 16       		.uleb128 0x16
 844 045e 01       		.uleb128 0x1
 845 045f 50       		.byte	0x50
 846 0460 03       		.uleb128 0x3
 847 0461 0A       		.byte	0xa
 848 0462 F401     		.2byte	0x1f4
 849 0464 00       		.byte	0
 850 0465 17       		.uleb128 0x17
 851 0466 4A000000 		.4byte	.LVL11
 852 046a C8050000 		.4byte	0x5c8
 853 046e 16       		.uleb128 0x16
 854 046f 01       		.uleb128 0x1
 855 0470 50       		.byte	0x50
 856 0471 03       		.uleb128 0x3
 857 0472 0A       		.byte	0xa
 858 0473 E803     		.2byte	0x3e8
 859 0475 00       		.byte	0
 860 0476 00       		.byte	0
 861 0477 08       		.uleb128 0x8
 862 0478 04       		.byte	0x4
 863 0479 4D030000 		.4byte	0x34d
 864 047d 18       		.uleb128 0x18
 865 047e 9D000000 		.4byte	0x9d
 866 0482 8E040000 		.4byte	0x48e
 867 0486 19       		.uleb128 0x19
 868 0487 AB000000 		.4byte	0xab
 869 048b 2B01     		.2byte	0x12b
 870 048d 00       		.byte	0
 871 048e 1A       		.uleb128 0x1a
 872 048f D20C0000 		.4byte	.LASF129
 873 0493 01       		.byte	0x1
 874 0494 5D       		.byte	0x5d
 875 0495 5D000000 		.4byte	0x5d
 876 0499 00000000 		.4byte	.LFB37
 877 049d 70000000 		.4byte	.LFE37-.LFB37
 878 04a1 01       		.uleb128 0x1
 879 04a2 9C       		.byte	0x9c
 880 04a3 7B050000 		.4byte	0x57b
 881 04a7 13       		.uleb128 0x13
 882 04a8 96040000 		.4byte	.LASF106
ARM GAS  C:\Users\Nithish\AppData\Local\Temp\ccjLjZLx.s 			page 19


 883 04ac 01       		.byte	0x1
 884 04ad 6C       		.byte	0x6c
 885 04ae 6B000000 		.4byte	0x6b
 886 04b2 02       		.uleb128 0x2
 887 04b3 91       		.byte	0x91
 888 04b4 77       		.sleb128 -9
 889 04b5 11       		.uleb128 0x11
 890 04b6 440C0000 		.4byte	.LASF107
 891 04ba 01       		.byte	0x1
 892 04bb 6D       		.byte	0x6d
 893 04bc 6B000000 		.4byte	0x6b
 894 04c0 43010000 		.4byte	.LLST4
 895 04c4 12       		.uleb128 0x12
 896 04c5 2E000000 		.4byte	.LBB4
 897 04c9 42000000 		.4byte	.LBE4-.LBB4
 898 04cd 27050000 		.4byte	0x527
 899 04d1 13       		.uleb128 0x13
 900 04d2 060C0000 		.4byte	.LASF108
 901 04d6 01       		.byte	0x1
 902 04d7 82       		.byte	0x82
 903 04d8 21030000 		.4byte	0x321
 904 04dc 02       		.uleb128 0x2
 905 04dd 91       		.byte	0x91
 906 04de 68       		.sleb128 -24
 907 04df 15       		.uleb128 0x15
 908 04e0 34000000 		.4byte	.LVL26
 909 04e4 D4050000 		.4byte	0x5d4
 910 04e8 F2040000 		.4byte	0x4f2
 911 04ec 16       		.uleb128 0x16
 912 04ed 01       		.uleb128 0x1
 913 04ee 50       		.byte	0x50
 914 04ef 01       		.uleb128 0x1
 915 04f0 30       		.byte	0x30
 916 04f1 00       		.byte	0
 917 04f2 15       		.uleb128 0x15
 918 04f3 54000000 		.4byte	.LVL27
 919 04f7 DF050000 		.4byte	0x5df
 920 04fb 16050000 		.4byte	0x516
 921 04ff 16       		.uleb128 0x16
 922 0500 01       		.uleb128 0x1
 923 0501 50       		.byte	0x50
 924 0502 02       		.uleb128 0x2
 925 0503 7D       		.byte	0x7d
 926 0504 00       		.sleb128 0
 927 0505 16       		.uleb128 0x16
 928 0506 01       		.uleb128 0x1
 929 0507 51       		.byte	0x51
 930 0508 01       		.uleb128 0x1
 931 0509 30       		.byte	0x30
 932 050a 16       		.uleb128 0x16
 933 050b 01       		.uleb128 0x1
 934 050c 52       		.byte	0x52
 935 050d 02       		.uleb128 0x2
 936 050e 74       		.byte	0x74
 937 050f 00       		.sleb128 0
 938 0510 16       		.uleb128 0x16
 939 0511 01       		.uleb128 0x1
ARM GAS  C:\Users\Nithish\AppData\Local\Temp\ccjLjZLx.s 			page 20


 940 0512 53       		.byte	0x53
 941 0513 01       		.uleb128 0x1
 942 0514 30       		.byte	0x30
 943 0515 00       		.byte	0
 944 0516 17       		.uleb128 0x17
 945 0517 62000000 		.4byte	.LVL28
 946 051b EB050000 		.4byte	0x5eb
 947 051f 16       		.uleb128 0x16
 948 0520 01       		.uleb128 0x1
 949 0521 51       		.byte	0x51
 950 0522 02       		.uleb128 0x2
 951 0523 7D       		.byte	0x7d
 952 0524 00       		.sleb128 0
 953 0525 00       		.byte	0
 954 0526 00       		.byte	0
 955 0527 1B       		.uleb128 0x1b
 956 0528 0A000000 		.4byte	.LVL19
 957 052c F7050000 		.4byte	0x5f7
 958 0530 1B       		.uleb128 0x1b
 959 0531 0E000000 		.4byte	.LVL20
 960 0535 02060000 		.4byte	0x602
 961 0539 1B       		.uleb128 0x1b
 962 053a 12000000 		.4byte	.LVL21
 963 053e 0D060000 		.4byte	0x60d
 964 0542 1B       		.uleb128 0x1b
 965 0543 16000000 		.4byte	.LVL22
 966 0547 18060000 		.4byte	0x618
 967 054b 15       		.uleb128 0x15
 968 054c 1C000000 		.4byte	.LVL23
 969 0550 24060000 		.4byte	0x624
 970 0554 62050000 		.4byte	0x562
 971 0558 16       		.uleb128 0x16
 972 0559 01       		.uleb128 0x1
 973 055a 50       		.byte	0x50
 974 055b 05       		.uleb128 0x5
 975 055c 03       		.byte	0x3
 976 055d 00000000 		.4byte	Stack_Handler
 977 0561 00       		.byte	0
 978 0562 1B       		.uleb128 0x1b
 979 0563 20000000 		.4byte	.LVL24
 980 0567 30060000 		.4byte	0x630
 981 056b 17       		.uleb128 0x17
 982 056c 26000000 		.4byte	.LVL25
 983 0570 3C060000 		.4byte	0x63c
 984 0574 16       		.uleb128 0x16
 985 0575 01       		.uleb128 0x1
 986 0576 50       		.byte	0x50
 987 0577 01       		.uleb128 0x1
 988 0578 32       		.byte	0x32
 989 0579 00       		.byte	0
 990 057a 00       		.byte	0
 991 057b 1C       		.uleb128 0x1c
 992 057c D0070000 		.4byte	.LASF109
 993 0580 01       		.byte	0x1
 994 0581 0F       		.byte	0xf
 995 0582 A8020000 		.4byte	0x2a8
 996 0586 05       		.uleb128 0x5
ARM GAS  C:\Users\Nithish\AppData\Local\Temp\ccjLjZLx.s 			page 21


 997 0587 03       		.byte	0x3
 998 0588 00000000 		.4byte	cyBle_connHandle
 999 058c 1C       		.uleb128 0x1c
 1000 058d AC0A0000 		.4byte	.LASF110
 1001 0591 01       		.byte	0x1
 1002 0592 11       		.byte	0x11
 1003 0593 5D000000 		.4byte	0x5d
 1004 0597 05       		.uleb128 0x5
 1005 0598 03       		.byte	0x3
 1006 0599 00000000 		.4byte	sensor_data_flag
 1007 059d 1D       		.uleb128 0x1d
 1008 059e F40B0000 		.4byte	.LASF130
 1009 05a2 F40B0000 		.4byte	.LASF130
 1010 05a6 1E       		.uleb128 0x1e
 1011 05a7 24090000 		.4byte	.LASF111
 1012 05ab 24090000 		.4byte	.LASF111
 1013 05af 05       		.byte	0x5
 1014 05b0 8B       		.byte	0x8b
 1015 05b1 1E       		.uleb128 0x1e
 1016 05b2 170C0000 		.4byte	.LASF112
 1017 05b6 170C0000 		.4byte	.LASF112
 1018 05ba 05       		.byte	0x5
 1019 05bb 8A       		.byte	0x8a
 1020 05bc 1F       		.uleb128 0x1f
 1021 05bd 35090000 		.4byte	.LASF113
 1022 05c1 35090000 		.4byte	.LASF113
 1023 05c5 06       		.byte	0x6
 1024 05c6 8002     		.2byte	0x280
 1025 05c8 1F       		.uleb128 0x1f
 1026 05c9 170D0000 		.4byte	.LASF114
 1027 05cd 170D0000 		.4byte	.LASF114
 1028 05d1 07       		.byte	0x7
 1029 05d2 5501     		.2byte	0x155
 1030 05d4 1E       		.uleb128 0x1e
 1031 05d5 1D0A0000 		.4byte	.LASF115
 1032 05d9 1D0A0000 		.4byte	.LASF115
 1033 05dd 08       		.byte	0x8
 1034 05de A0       		.byte	0xa0
 1035 05df 1F       		.uleb128 0x1f
 1036 05e0 55040000 		.4byte	.LASF116
 1037 05e4 55040000 		.4byte	.LASF116
 1038 05e8 09       		.byte	0x9
 1039 05e9 8401     		.2byte	0x184
 1040 05eb 1F       		.uleb128 0x1f
 1041 05ec 8A060000 		.4byte	.LASF117
 1042 05f0 8A060000 		.4byte	.LASF117
 1043 05f4 04       		.byte	0x4
 1044 05f5 1A01     		.2byte	0x11a
 1045 05f7 1E       		.uleb128 0x1e
 1046 05f8 7D030000 		.4byte	.LASF118
 1047 05fc 7D030000 		.4byte	.LASF118
 1048 0600 05       		.byte	0x5
 1049 0601 54       		.byte	0x54
 1050 0602 1E       		.uleb128 0x1e
 1051 0603 38040000 		.4byte	.LASF119
 1052 0607 38040000 		.4byte	.LASF119
 1053 060b 08       		.byte	0x8
ARM GAS  C:\Users\Nithish\AppData\Local\Temp\ccjLjZLx.s 			page 22


 1054 060c 99       		.byte	0x99
 1055 060d 1E       		.uleb128 0x1e
 1056 060e C1040000 		.4byte	.LASF120
 1057 0612 C1040000 		.4byte	.LASF120
 1058 0616 08       		.byte	0x8
 1059 0617 9D       		.byte	0x9d
 1060 0618 1F       		.uleb128 0x1f
 1061 0619 2D060000 		.4byte	.LASF121
 1062 061d 2D060000 		.4byte	.LASF121
 1063 0621 07       		.byte	0x7
 1064 0622 3201     		.2byte	0x132
 1065 0624 1F       		.uleb128 0x1f
 1066 0625 58060000 		.4byte	.LASF122
 1067 0629 58060000 		.4byte	.LASF122
 1068 062d 06       		.byte	0x6
 1069 062e 7002     		.2byte	0x270
 1070 0630 1F       		.uleb128 0x1f
 1071 0631 5A080000 		.4byte	.LASF123
 1072 0635 5A080000 		.4byte	.LASF123
 1073 0639 0A       		.byte	0xa
 1074 063a CF07     		.2byte	0x7cf
 1075 063c 1E       		.uleb128 0x1e
 1076 063d 52090000 		.4byte	.LASF124
 1077 0641 52090000 		.4byte	.LASF124
 1078 0645 08       		.byte	0x8
 1079 0646 9F       		.byte	0x9f
 1080 0647 00       		.byte	0
 1081              		.section	.debug_abbrev,"",%progbits
 1082              	.Ldebug_abbrev0:
 1083 0000 01       		.uleb128 0x1
 1084 0001 11       		.uleb128 0x11
 1085 0002 01       		.byte	0x1
 1086 0003 25       		.uleb128 0x25
 1087 0004 0E       		.uleb128 0xe
 1088 0005 13       		.uleb128 0x13
 1089 0006 0B       		.uleb128 0xb
 1090 0007 03       		.uleb128 0x3
 1091 0008 0E       		.uleb128 0xe
 1092 0009 1B       		.uleb128 0x1b
 1093 000a 0E       		.uleb128 0xe
 1094 000b 55       		.uleb128 0x55
 1095 000c 17       		.uleb128 0x17
 1096 000d 11       		.uleb128 0x11
 1097 000e 01       		.uleb128 0x1
 1098 000f 10       		.uleb128 0x10
 1099 0010 17       		.uleb128 0x17
 1100 0011 00       		.byte	0
 1101 0012 00       		.byte	0
 1102 0013 02       		.uleb128 0x2
 1103 0014 24       		.uleb128 0x24
 1104 0015 00       		.byte	0
 1105 0016 0B       		.uleb128 0xb
 1106 0017 0B       		.uleb128 0xb
 1107 0018 3E       		.uleb128 0x3e
 1108 0019 0B       		.uleb128 0xb
 1109 001a 03       		.uleb128 0x3
 1110 001b 0E       		.uleb128 0xe
ARM GAS  C:\Users\Nithish\AppData\Local\Temp\ccjLjZLx.s 			page 23


 1111 001c 00       		.byte	0
 1112 001d 00       		.byte	0
 1113 001e 03       		.uleb128 0x3
 1114 001f 24       		.uleb128 0x24
 1115 0020 00       		.byte	0
 1116 0021 0B       		.uleb128 0xb
 1117 0022 0B       		.uleb128 0xb
 1118 0023 3E       		.uleb128 0x3e
 1119 0024 0B       		.uleb128 0xb
 1120 0025 03       		.uleb128 0x3
 1121 0026 08       		.uleb128 0x8
 1122 0027 00       		.byte	0
 1123 0028 00       		.byte	0
 1124 0029 04       		.uleb128 0x4
 1125 002a 16       		.uleb128 0x16
 1126 002b 00       		.byte	0
 1127 002c 03       		.uleb128 0x3
 1128 002d 0E       		.uleb128 0xe
 1129 002e 3A       		.uleb128 0x3a
 1130 002f 0B       		.uleb128 0xb
 1131 0030 3B       		.uleb128 0x3b
 1132 0031 05       		.uleb128 0x5
 1133 0032 49       		.uleb128 0x49
 1134 0033 13       		.uleb128 0x13
 1135 0034 00       		.byte	0
 1136 0035 00       		.byte	0
 1137 0036 05       		.uleb128 0x5
 1138 0037 0F       		.uleb128 0xf
 1139 0038 00       		.byte	0
 1140 0039 0B       		.uleb128 0xb
 1141 003a 0B       		.uleb128 0xb
 1142 003b 00       		.byte	0
 1143 003c 00       		.byte	0
 1144 003d 06       		.uleb128 0x6
 1145 003e 04       		.uleb128 0x4
 1146 003f 01       		.byte	0x1
 1147 0040 0B       		.uleb128 0xb
 1148 0041 0B       		.uleb128 0xb
 1149 0042 49       		.uleb128 0x49
 1150 0043 13       		.uleb128 0x13
 1151 0044 3A       		.uleb128 0x3a
 1152 0045 0B       		.uleb128 0xb
 1153 0046 3B       		.uleb128 0x3b
 1154 0047 05       		.uleb128 0x5
 1155 0048 01       		.uleb128 0x1
 1156 0049 13       		.uleb128 0x13
 1157 004a 00       		.byte	0
 1158 004b 00       		.byte	0
 1159 004c 07       		.uleb128 0x7
 1160 004d 28       		.uleb128 0x28
 1161 004e 00       		.byte	0
 1162 004f 03       		.uleb128 0x3
 1163 0050 0E       		.uleb128 0xe
 1164 0051 1C       		.uleb128 0x1c
 1165 0052 0B       		.uleb128 0xb
 1166 0053 00       		.byte	0
 1167 0054 00       		.byte	0
ARM GAS  C:\Users\Nithish\AppData\Local\Temp\ccjLjZLx.s 			page 24


 1168 0055 08       		.uleb128 0x8
 1169 0056 0F       		.uleb128 0xf
 1170 0057 00       		.byte	0
 1171 0058 0B       		.uleb128 0xb
 1172 0059 0B       		.uleb128 0xb
 1173 005a 49       		.uleb128 0x49
 1174 005b 13       		.uleb128 0x13
 1175 005c 00       		.byte	0
 1176 005d 00       		.byte	0
 1177 005e 09       		.uleb128 0x9
 1178 005f 13       		.uleb128 0x13
 1179 0060 01       		.byte	0x1
 1180 0061 0B       		.uleb128 0xb
 1181 0062 0B       		.uleb128 0xb
 1182 0063 3A       		.uleb128 0x3a
 1183 0064 0B       		.uleb128 0xb
 1184 0065 3B       		.uleb128 0x3b
 1185 0066 05       		.uleb128 0x5
 1186 0067 01       		.uleb128 0x1
 1187 0068 13       		.uleb128 0x13
 1188 0069 00       		.byte	0
 1189 006a 00       		.byte	0
 1190 006b 0A       		.uleb128 0xa
 1191 006c 0D       		.uleb128 0xd
 1192 006d 00       		.byte	0
 1193 006e 03       		.uleb128 0x3
 1194 006f 0E       		.uleb128 0xe
 1195 0070 3A       		.uleb128 0x3a
 1196 0071 0B       		.uleb128 0xb
 1197 0072 3B       		.uleb128 0x3b
 1198 0073 05       		.uleb128 0x5
 1199 0074 49       		.uleb128 0x49
 1200 0075 13       		.uleb128 0x13
 1201 0076 38       		.uleb128 0x38
 1202 0077 0B       		.uleb128 0xb
 1203 0078 00       		.byte	0
 1204 0079 00       		.byte	0
 1205 007a 0B       		.uleb128 0xb
 1206 007b 0D       		.uleb128 0xd
 1207 007c 00       		.byte	0
 1208 007d 03       		.uleb128 0x3
 1209 007e 08       		.uleb128 0x8
 1210 007f 3A       		.uleb128 0x3a
 1211 0080 0B       		.uleb128 0xb
 1212 0081 3B       		.uleb128 0x3b
 1213 0082 05       		.uleb128 0x5
 1214 0083 49       		.uleb128 0x49
 1215 0084 13       		.uleb128 0x13
 1216 0085 38       		.uleb128 0x38
 1217 0086 0B       		.uleb128 0xb
 1218 0087 00       		.byte	0
 1219 0088 00       		.byte	0
 1220 0089 0C       		.uleb128 0xc
 1221 008a 16       		.uleb128 0x16
 1222 008b 00       		.byte	0
 1223 008c 03       		.uleb128 0x3
 1224 008d 0E       		.uleb128 0xe
ARM GAS  C:\Users\Nithish\AppData\Local\Temp\ccjLjZLx.s 			page 25


 1225 008e 3A       		.uleb128 0x3a
 1226 008f 0B       		.uleb128 0xb
 1227 0090 3B       		.uleb128 0x3b
 1228 0091 0B       		.uleb128 0xb
 1229 0092 49       		.uleb128 0x49
 1230 0093 13       		.uleb128 0x13
 1231 0094 00       		.byte	0
 1232 0095 00       		.byte	0
 1233 0096 0D       		.uleb128 0xd
 1234 0097 13       		.uleb128 0x13
 1235 0098 01       		.byte	0x1
 1236 0099 0B       		.uleb128 0xb
 1237 009a 0B       		.uleb128 0xb
 1238 009b 3A       		.uleb128 0x3a
 1239 009c 0B       		.uleb128 0xb
 1240 009d 3B       		.uleb128 0x3b
 1241 009e 0B       		.uleb128 0xb
 1242 009f 01       		.uleb128 0x1
 1243 00a0 13       		.uleb128 0x13
 1244 00a1 00       		.byte	0
 1245 00a2 00       		.byte	0
 1246 00a3 0E       		.uleb128 0xe
 1247 00a4 0D       		.uleb128 0xd
 1248 00a5 00       		.byte	0
 1249 00a6 03       		.uleb128 0x3
 1250 00a7 0E       		.uleb128 0xe
 1251 00a8 3A       		.uleb128 0x3a
 1252 00a9 0B       		.uleb128 0xb
 1253 00aa 3B       		.uleb128 0x3b
 1254 00ab 0B       		.uleb128 0xb
 1255 00ac 49       		.uleb128 0x49
 1256 00ad 13       		.uleb128 0x13
 1257 00ae 38       		.uleb128 0x38
 1258 00af 0B       		.uleb128 0xb
 1259 00b0 00       		.byte	0
 1260 00b1 00       		.byte	0
 1261 00b2 0F       		.uleb128 0xf
 1262 00b3 2E       		.uleb128 0x2e
 1263 00b4 01       		.byte	0x1
 1264 00b5 3F       		.uleb128 0x3f
 1265 00b6 19       		.uleb128 0x19
 1266 00b7 03       		.uleb128 0x3
 1267 00b8 0E       		.uleb128 0xe
 1268 00b9 3A       		.uleb128 0x3a
 1269 00ba 0B       		.uleb128 0xb
 1270 00bb 3B       		.uleb128 0x3b
 1271 00bc 0B       		.uleb128 0xb
 1272 00bd 27       		.uleb128 0x27
 1273 00be 19       		.uleb128 0x19
 1274 00bf 11       		.uleb128 0x11
 1275 00c0 01       		.uleb128 0x1
 1276 00c1 12       		.uleb128 0x12
 1277 00c2 06       		.uleb128 0x6
 1278 00c3 40       		.uleb128 0x40
 1279 00c4 18       		.uleb128 0x18
 1280 00c5 9742     		.uleb128 0x2117
 1281 00c7 19       		.uleb128 0x19
ARM GAS  C:\Users\Nithish\AppData\Local\Temp\ccjLjZLx.s 			page 26


 1282 00c8 01       		.uleb128 0x1
 1283 00c9 13       		.uleb128 0x13
 1284 00ca 00       		.byte	0
 1285 00cb 00       		.byte	0
 1286 00cc 10       		.uleb128 0x10
 1287 00cd 05       		.uleb128 0x5
 1288 00ce 00       		.byte	0
 1289 00cf 03       		.uleb128 0x3
 1290 00d0 0E       		.uleb128 0xe
 1291 00d1 3A       		.uleb128 0x3a
 1292 00d2 0B       		.uleb128 0xb
 1293 00d3 3B       		.uleb128 0x3b
 1294 00d4 0B       		.uleb128 0xb
 1295 00d5 49       		.uleb128 0x49
 1296 00d6 13       		.uleb128 0x13
 1297 00d7 02       		.uleb128 0x2
 1298 00d8 17       		.uleb128 0x17
 1299 00d9 00       		.byte	0
 1300 00da 00       		.byte	0
 1301 00db 11       		.uleb128 0x11
 1302 00dc 34       		.uleb128 0x34
 1303 00dd 00       		.byte	0
 1304 00de 03       		.uleb128 0x3
 1305 00df 0E       		.uleb128 0xe
 1306 00e0 3A       		.uleb128 0x3a
 1307 00e1 0B       		.uleb128 0xb
 1308 00e2 3B       		.uleb128 0x3b
 1309 00e3 0B       		.uleb128 0xb
 1310 00e4 49       		.uleb128 0x49
 1311 00e5 13       		.uleb128 0x13
 1312 00e6 02       		.uleb128 0x2
 1313 00e7 17       		.uleb128 0x17
 1314 00e8 00       		.byte	0
 1315 00e9 00       		.byte	0
 1316 00ea 12       		.uleb128 0x12
 1317 00eb 0B       		.uleb128 0xb
 1318 00ec 01       		.byte	0x1
 1319 00ed 11       		.uleb128 0x11
 1320 00ee 01       		.uleb128 0x1
 1321 00ef 12       		.uleb128 0x12
 1322 00f0 06       		.uleb128 0x6
 1323 00f1 01       		.uleb128 0x1
 1324 00f2 13       		.uleb128 0x13
 1325 00f3 00       		.byte	0
 1326 00f4 00       		.byte	0
 1327 00f5 13       		.uleb128 0x13
 1328 00f6 34       		.uleb128 0x34
 1329 00f7 00       		.byte	0
 1330 00f8 03       		.uleb128 0x3
 1331 00f9 0E       		.uleb128 0xe
 1332 00fa 3A       		.uleb128 0x3a
 1333 00fb 0B       		.uleb128 0xb
 1334 00fc 3B       		.uleb128 0x3b
 1335 00fd 0B       		.uleb128 0xb
 1336 00fe 49       		.uleb128 0x49
 1337 00ff 13       		.uleb128 0x13
 1338 0100 02       		.uleb128 0x2
ARM GAS  C:\Users\Nithish\AppData\Local\Temp\ccjLjZLx.s 			page 27


 1339 0101 18       		.uleb128 0x18
 1340 0102 00       		.byte	0
 1341 0103 00       		.byte	0
 1342 0104 14       		.uleb128 0x14
 1343 0105 34       		.uleb128 0x34
 1344 0106 00       		.byte	0
 1345 0107 03       		.uleb128 0x3
 1346 0108 08       		.uleb128 0x8
 1347 0109 3A       		.uleb128 0x3a
 1348 010a 0B       		.uleb128 0xb
 1349 010b 3B       		.uleb128 0x3b
 1350 010c 0B       		.uleb128 0xb
 1351 010d 49       		.uleb128 0x49
 1352 010e 13       		.uleb128 0x13
 1353 010f 02       		.uleb128 0x2
 1354 0110 17       		.uleb128 0x17
 1355 0111 00       		.byte	0
 1356 0112 00       		.byte	0
 1357 0113 15       		.uleb128 0x15
 1358 0114 898201   		.uleb128 0x4109
 1359 0117 01       		.byte	0x1
 1360 0118 11       		.uleb128 0x11
 1361 0119 01       		.uleb128 0x1
 1362 011a 31       		.uleb128 0x31
 1363 011b 13       		.uleb128 0x13
 1364 011c 01       		.uleb128 0x1
 1365 011d 13       		.uleb128 0x13
 1366 011e 00       		.byte	0
 1367 011f 00       		.byte	0
 1368 0120 16       		.uleb128 0x16
 1369 0121 8A8201   		.uleb128 0x410a
 1370 0124 00       		.byte	0
 1371 0125 02       		.uleb128 0x2
 1372 0126 18       		.uleb128 0x18
 1373 0127 9142     		.uleb128 0x2111
 1374 0129 18       		.uleb128 0x18
 1375 012a 00       		.byte	0
 1376 012b 00       		.byte	0
 1377 012c 17       		.uleb128 0x17
 1378 012d 898201   		.uleb128 0x4109
 1379 0130 01       		.byte	0x1
 1380 0131 11       		.uleb128 0x11
 1381 0132 01       		.uleb128 0x1
 1382 0133 31       		.uleb128 0x31
 1383 0134 13       		.uleb128 0x13
 1384 0135 00       		.byte	0
 1385 0136 00       		.byte	0
 1386 0137 18       		.uleb128 0x18
 1387 0138 01       		.uleb128 0x1
 1388 0139 01       		.byte	0x1
 1389 013a 49       		.uleb128 0x49
 1390 013b 13       		.uleb128 0x13
 1391 013c 01       		.uleb128 0x1
 1392 013d 13       		.uleb128 0x13
 1393 013e 00       		.byte	0
 1394 013f 00       		.byte	0
 1395 0140 19       		.uleb128 0x19
ARM GAS  C:\Users\Nithish\AppData\Local\Temp\ccjLjZLx.s 			page 28


 1396 0141 21       		.uleb128 0x21
 1397 0142 00       		.byte	0
 1398 0143 49       		.uleb128 0x49
 1399 0144 13       		.uleb128 0x13
 1400 0145 2F       		.uleb128 0x2f
 1401 0146 05       		.uleb128 0x5
 1402 0147 00       		.byte	0
 1403 0148 00       		.byte	0
 1404 0149 1A       		.uleb128 0x1a
 1405 014a 2E       		.uleb128 0x2e
 1406 014b 01       		.byte	0x1
 1407 014c 3F       		.uleb128 0x3f
 1408 014d 19       		.uleb128 0x19
 1409 014e 03       		.uleb128 0x3
 1410 014f 0E       		.uleb128 0xe
 1411 0150 3A       		.uleb128 0x3a
 1412 0151 0B       		.uleb128 0xb
 1413 0152 3B       		.uleb128 0x3b
 1414 0153 0B       		.uleb128 0xb
 1415 0154 27       		.uleb128 0x27
 1416 0155 19       		.uleb128 0x19
 1417 0156 49       		.uleb128 0x49
 1418 0157 13       		.uleb128 0x13
 1419 0158 8701     		.uleb128 0x87
 1420 015a 19       		.uleb128 0x19
 1421 015b 11       		.uleb128 0x11
 1422 015c 01       		.uleb128 0x1
 1423 015d 12       		.uleb128 0x12
 1424 015e 06       		.uleb128 0x6
 1425 015f 40       		.uleb128 0x40
 1426 0160 18       		.uleb128 0x18
 1427 0161 9742     		.uleb128 0x2117
 1428 0163 19       		.uleb128 0x19
 1429 0164 01       		.uleb128 0x1
 1430 0165 13       		.uleb128 0x13
 1431 0166 00       		.byte	0
 1432 0167 00       		.byte	0
 1433 0168 1B       		.uleb128 0x1b
 1434 0169 898201   		.uleb128 0x4109
 1435 016c 00       		.byte	0
 1436 016d 11       		.uleb128 0x11
 1437 016e 01       		.uleb128 0x1
 1438 016f 31       		.uleb128 0x31
 1439 0170 13       		.uleb128 0x13
 1440 0171 00       		.byte	0
 1441 0172 00       		.byte	0
 1442 0173 1C       		.uleb128 0x1c
 1443 0174 34       		.uleb128 0x34
 1444 0175 00       		.byte	0
 1445 0176 03       		.uleb128 0x3
 1446 0177 0E       		.uleb128 0xe
 1447 0178 3A       		.uleb128 0x3a
 1448 0179 0B       		.uleb128 0xb
 1449 017a 3B       		.uleb128 0x3b
 1450 017b 0B       		.uleb128 0xb
 1451 017c 49       		.uleb128 0x49
 1452 017d 13       		.uleb128 0x13
ARM GAS  C:\Users\Nithish\AppData\Local\Temp\ccjLjZLx.s 			page 29


 1453 017e 3F       		.uleb128 0x3f
 1454 017f 19       		.uleb128 0x19
 1455 0180 02       		.uleb128 0x2
 1456 0181 18       		.uleb128 0x18
 1457 0182 00       		.byte	0
 1458 0183 00       		.byte	0
 1459 0184 1D       		.uleb128 0x1d
 1460 0185 2E       		.uleb128 0x2e
 1461 0186 00       		.byte	0
 1462 0187 3F       		.uleb128 0x3f
 1463 0188 19       		.uleb128 0x19
 1464 0189 3C       		.uleb128 0x3c
 1465 018a 19       		.uleb128 0x19
 1466 018b 6E       		.uleb128 0x6e
 1467 018c 0E       		.uleb128 0xe
 1468 018d 03       		.uleb128 0x3
 1469 018e 0E       		.uleb128 0xe
 1470 018f 00       		.byte	0
 1471 0190 00       		.byte	0
 1472 0191 1E       		.uleb128 0x1e
 1473 0192 2E       		.uleb128 0x2e
 1474 0193 00       		.byte	0
 1475 0194 3F       		.uleb128 0x3f
 1476 0195 19       		.uleb128 0x19
 1477 0196 3C       		.uleb128 0x3c
 1478 0197 19       		.uleb128 0x19
 1479 0198 6E       		.uleb128 0x6e
 1480 0199 0E       		.uleb128 0xe
 1481 019a 03       		.uleb128 0x3
 1482 019b 0E       		.uleb128 0xe
 1483 019c 3A       		.uleb128 0x3a
 1484 019d 0B       		.uleb128 0xb
 1485 019e 3B       		.uleb128 0x3b
 1486 019f 0B       		.uleb128 0xb
 1487 01a0 00       		.byte	0
 1488 01a1 00       		.byte	0
 1489 01a2 1F       		.uleb128 0x1f
 1490 01a3 2E       		.uleb128 0x2e
 1491 01a4 00       		.byte	0
 1492 01a5 3F       		.uleb128 0x3f
 1493 01a6 19       		.uleb128 0x19
 1494 01a7 3C       		.uleb128 0x3c
 1495 01a8 19       		.uleb128 0x19
 1496 01a9 6E       		.uleb128 0x6e
 1497 01aa 0E       		.uleb128 0xe
 1498 01ab 03       		.uleb128 0x3
 1499 01ac 0E       		.uleb128 0xe
 1500 01ad 3A       		.uleb128 0x3a
 1501 01ae 0B       		.uleb128 0xb
 1502 01af 3B       		.uleb128 0x3b
 1503 01b0 05       		.uleb128 0x5
 1504 01b1 00       		.byte	0
 1505 01b2 00       		.byte	0
 1506 01b3 00       		.byte	0
 1507              		.section	.debug_loc,"",%progbits
 1508              	.Ldebug_loc0:
 1509              	.LLST0:
ARM GAS  C:\Users\Nithish\AppData\Local\Temp\ccjLjZLx.s 			page 30


 1510 0000 00000000 		.4byte	.LVL0
 1511 0004 14000000 		.4byte	.LVL1
 1512 0008 0100     		.2byte	0x1
 1513 000a 50       		.byte	0x50
 1514 000b 14000000 		.4byte	.LVL1
 1515 000f 1A000000 		.4byte	.LVL3
 1516 0013 0400     		.2byte	0x4
 1517 0015 F3       		.byte	0xf3
 1518 0016 01       		.uleb128 0x1
 1519 0017 50       		.byte	0x50
 1520 0018 9F       		.byte	0x9f
 1521 0019 1A000000 		.4byte	.LVL3
 1522 001d 2A000000 		.4byte	.LVL4
 1523 0021 0100     		.2byte	0x1
 1524 0023 50       		.byte	0x50
 1525 0024 2A000000 		.4byte	.LVL4
 1526 0028 30000000 		.4byte	.LVL6
 1527 002c 0400     		.2byte	0x4
 1528 002e F3       		.byte	0xf3
 1529 002f 01       		.uleb128 0x1
 1530 0030 50       		.byte	0x50
 1531 0031 9F       		.byte	0x9f
 1532 0032 30000000 		.4byte	.LVL6
 1533 0036 36000000 		.4byte	.LVL7
 1534 003a 0100     		.2byte	0x1
 1535 003c 50       		.byte	0x50
 1536 003d 36000000 		.4byte	.LVL7
 1537 0041 3E000000 		.4byte	.LVL9
 1538 0045 0400     		.2byte	0x4
 1539 0047 F3       		.byte	0xf3
 1540 0048 01       		.uleb128 0x1
 1541 0049 50       		.byte	0x50
 1542 004a 9F       		.byte	0x9f
 1543 004b 3E000000 		.4byte	.LVL9
 1544 004f 44000000 		.4byte	.LVL10
 1545 0053 0100     		.2byte	0x1
 1546 0055 50       		.byte	0x50
 1547 0056 44000000 		.4byte	.LVL10
 1548 005a A4000000 		.4byte	.LFE36
 1549 005e 0400     		.2byte	0x4
 1550 0060 F3       		.byte	0xf3
 1551 0061 01       		.uleb128 0x1
 1552 0062 50       		.byte	0x50
 1553 0063 9F       		.byte	0x9f
 1554 0064 00000000 		.4byte	0
 1555 0068 00000000 		.4byte	0
 1556              	.LLST1:
 1557 006c 00000000 		.4byte	.LVL0
 1558 0070 17000000 		.4byte	.LVL2-1
 1559 0074 0100     		.2byte	0x1
 1560 0076 51       		.byte	0x51
 1561 0077 17000000 		.4byte	.LVL2-1
 1562 007b 1A000000 		.4byte	.LVL3
 1563 007f 0100     		.2byte	0x1
 1564 0081 54       		.byte	0x54
 1565 0082 1A000000 		.4byte	.LVL3
 1566 0086 2D000000 		.4byte	.LVL5-1
ARM GAS  C:\Users\Nithish\AppData\Local\Temp\ccjLjZLx.s 			page 31


 1567 008a 0100     		.2byte	0x1
 1568 008c 51       		.byte	0x51
 1569 008d 2D000000 		.4byte	.LVL5-1
 1570 0091 30000000 		.4byte	.LVL6
 1571 0095 0100     		.2byte	0x1
 1572 0097 54       		.byte	0x54
 1573 0098 30000000 		.4byte	.LVL6
 1574 009c 3B000000 		.4byte	.LVL8-1
 1575 00a0 0100     		.2byte	0x1
 1576 00a2 51       		.byte	0x51
 1577 00a3 3B000000 		.4byte	.LVL8-1
 1578 00a7 3E000000 		.4byte	.LVL9
 1579 00ab 0100     		.2byte	0x1
 1580 00ad 54       		.byte	0x54
 1581 00ae 3E000000 		.4byte	.LVL9
 1582 00b2 49000000 		.4byte	.LVL11-1
 1583 00b6 0100     		.2byte	0x1
 1584 00b8 51       		.byte	0x51
 1585 00b9 49000000 		.4byte	.LVL11-1
 1586 00bd 9E000000 		.4byte	.LVL18
 1587 00c1 0100     		.2byte	0x1
 1588 00c3 54       		.byte	0x54
 1589 00c4 9E000000 		.4byte	.LVL18
 1590 00c8 A4000000 		.4byte	.LFE36
 1591 00cc 0400     		.2byte	0x4
 1592 00ce F3       		.byte	0xf3
 1593 00cf 01       		.uleb128 0x1
 1594 00d0 51       		.byte	0x51
 1595 00d1 9F       		.byte	0x9f
 1596 00d2 00000000 		.4byte	0
 1597 00d6 00000000 		.4byte	0
 1598              	.LLST2:
 1599 00da 1A000000 		.4byte	.LVL3
 1600 00de 2D000000 		.4byte	.LVL5-1
 1601 00e2 0100     		.2byte	0x1
 1602 00e4 51       		.byte	0x51
 1603 00e5 2D000000 		.4byte	.LVL5-1
 1604 00e9 30000000 		.4byte	.LVL6
 1605 00ed 0100     		.2byte	0x1
 1606 00ef 54       		.byte	0x54
 1607 00f0 30000000 		.4byte	.LVL6
 1608 00f4 3B000000 		.4byte	.LVL8-1
 1609 00f8 0100     		.2byte	0x1
 1610 00fa 51       		.byte	0x51
 1611 00fb 3B000000 		.4byte	.LVL8-1
 1612 00ff 3E000000 		.4byte	.LVL9
 1613 0103 0100     		.2byte	0x1
 1614 0105 54       		.byte	0x54
 1615 0106 3E000000 		.4byte	.LVL9
 1616 010a 49000000 		.4byte	.LVL11-1
 1617 010e 0100     		.2byte	0x1
 1618 0110 51       		.byte	0x51
 1619 0111 49000000 		.4byte	.LVL11-1
 1620 0115 9C000000 		.4byte	.LVL17
 1621 0119 0100     		.2byte	0x1
 1622 011b 54       		.byte	0x54
 1623 011c 00000000 		.4byte	0
ARM GAS  C:\Users\Nithish\AppData\Local\Temp\ccjLjZLx.s 			page 32


 1624 0120 00000000 		.4byte	0
 1625              	.LLST3:
 1626 0124 76000000 		.4byte	.LVL12
 1627 0128 7A000000 		.4byte	.LVL13
 1628 012c 0200     		.2byte	0x2
 1629 012e 30       		.byte	0x30
 1630 012f 9F       		.byte	0x9f
 1631 0130 7A000000 		.4byte	.LVL13
 1632 0134 8F000000 		.4byte	.LVL15-1
 1633 0138 0100     		.2byte	0x1
 1634 013a 53       		.byte	0x53
 1635 013b 00000000 		.4byte	0
 1636 013f 00000000 		.4byte	0
 1637              	.LLST4:
 1638 0143 62000000 		.4byte	.LVL28
 1639 0147 70000000 		.4byte	.LFE37
 1640 014b 0200     		.2byte	0x2
 1641 014d 91       		.byte	0x91
 1642 014e 77       		.sleb128 -9
 1643 014f 00000000 		.4byte	0
 1644 0153 00000000 		.4byte	0
 1645              		.section	.debug_aranges,"",%progbits
 1646 0000 24000000 		.4byte	0x24
 1647 0004 0200     		.2byte	0x2
 1648 0006 00000000 		.4byte	.Ldebug_info0
 1649 000a 04       		.byte	0x4
 1650 000b 00       		.byte	0
 1651 000c 0000     		.2byte	0
 1652 000e 0000     		.2byte	0
 1653 0010 00000000 		.4byte	.LFB36
 1654 0014 A4000000 		.4byte	.LFE36-.LFB36
 1655 0018 00000000 		.4byte	.LFB37
 1656 001c 70000000 		.4byte	.LFE37-.LFB37
 1657 0020 00000000 		.4byte	0
 1658 0024 00000000 		.4byte	0
 1659              		.section	.debug_ranges,"",%progbits
 1660              	.Ldebug_ranges0:
 1661 0000 00000000 		.4byte	.LFB36
 1662 0004 A4000000 		.4byte	.LFE36
 1663 0008 00000000 		.4byte	.LFB37
 1664 000c 70000000 		.4byte	.LFE37
 1665 0010 00000000 		.4byte	0
 1666 0014 00000000 		.4byte	0
 1667              		.section	.debug_line,"",%progbits
 1668              	.Ldebug_line0:
 1669 0000 24010000 		.section	.debug_str,"MS",%progbits,1
 1669      0200C400 
 1669      00000201 
 1669      FB0E0D00 
 1669      01010101 
 1670              	.LASF81:
 1671 0000 4359424C 		.ascii	"CYBLE_EVT_L2CAP_CBFC_RX_CREDIT_IND\000"
 1671      455F4556 
 1671      545F4C32 
 1671      4341505F 
 1671      43424643 
 1672              	.LASF22:
ARM GAS  C:\Users\Nithish\AppData\Local\Temp\ccjLjZLx.s 			page 33


 1673 0023 4359424C 		.ascii	"CYBLE_EVT_STACK_BUSY_STATUS\000"
 1673      455F4556 
 1673      545F5354 
 1673      41434B5F 
 1673      42555359 
 1674              	.LASF10:
 1675 003f 75696E74 		.ascii	"uint16\000"
 1675      313600
 1676              	.LASF80:
 1677 0046 4359424C 		.ascii	"CYBLE_EVT_L2CAP_CBFC_DATA_READ\000"
 1677      455F4556 
 1677      545F4C32 
 1677      4341505F 
 1677      43424643 
 1678              	.LASF92:
 1679 0065 4359424C 		.ascii	"CYBLE_CONN_HANDLE_T\000"
 1679      455F434F 
 1679      4E4E5F48 
 1679      414E444C 
 1679      455F5400 
 1680              	.LASF99:
 1681 0079 636F6E6E 		.ascii	"connHandle\000"
 1681      48616E64 
 1681      6C6500
 1682              	.LASF34:
 1683 0084 4359424C 		.ascii	"CYBLE_EVT_GAP_CONNECTION_UPDATE_COMPLETE\000"
 1683      455F4556 
 1683      545F4741 
 1683      505F434F 
 1683      4E4E4543 
 1684              	.LASF79:
 1685 00ad 4359424C 		.ascii	"CYBLE_EVT_L2CAP_CBFC_DISCONN_CNF\000"
 1685      455F4556 
 1685      545F4C32 
 1685      4341505F 
 1685      43424643 
 1686              	.LASF39:
 1687 00ce 4359424C 		.ascii	"CYBLE_EVT_GAP_OOB_GENERATED_NOTIFICATION\000"
 1687      455F4556 
 1687      545F4741 
 1687      505F4F4F 
 1687      425F4745 
 1688              	.LASF59:
 1689 00f7 4359424C 		.ascii	"CYBLE_EVT_GATTC_READ_MULTI_RSP\000"
 1689      455F4556 
 1689      545F4741 
 1689      5454435F 
 1689      52454144 
 1690              	.LASF64:
 1691 0116 4359424C 		.ascii	"CYBLE_EVT_GATTS_EXEC_WRITE_REQ\000"
 1691      455F4556 
 1691      545F4741 
 1691      5454535F 
 1691      45584543 
 1692              	.LASF19:
 1693 0135 4359424C 		.ascii	"CYBLE_EVT_TIMEOUT\000"
 1693      455F4556 
ARM GAS  C:\Users\Nithish\AppData\Local\Temp\ccjLjZLx.s 			page 34


 1693      545F5449 
 1693      4D454F55 
 1693      5400
 1694              	.LASF4:
 1695 0147 6C6F6E67 		.ascii	"long int\000"
 1695      20696E74 
 1695      00
 1696              	.LASF125:
 1697 0150 474E5520 		.ascii	"GNU C11 5.4.1 20160609 (release) [ARM/embedded-5-br"
 1697      43313120 
 1697      352E342E 
 1697      31203230 
 1697      31363036 
 1698 0183 616E6368 		.ascii	"anch revision 237715] -mcpu=cortex-m0 -mthumb -g -O"
 1698      20726576 
 1698      6973696F 
 1698      6E203233 
 1698      37373135 
 1699 01b6 67202D66 		.ascii	"g -ffunction-sections -ffat-lto-objects\000"
 1699      66756E63 
 1699      74696F6E 
 1699      2D736563 
 1699      74696F6E 
 1700              	.LASF7:
 1701 01de 6C6F6E67 		.ascii	"long long unsigned int\000"
 1701      206C6F6E 
 1701      6720756E 
 1701      7369676E 
 1701      65642069 
 1702              	.LASF94:
 1703 01f5 4359424C 		.ascii	"CYBLE_GATT_VALUE_T\000"
 1703      455F4741 
 1703      54545F56 
 1703      414C5545 
 1703      5F5400
 1704              	.LASF21:
 1705 0208 4359424C 		.ascii	"CYBLE_EVT_HCI_STATUS\000"
 1705      455F4556 
 1705      545F4843 
 1705      495F5354 
 1705      41545553 
 1706              	.LASF84:
 1707 021d 4359424C 		.ascii	"CYBLE_EVT_PENDING_FLASH_WRITE\000"
 1707      455F4556 
 1707      545F5045 
 1707      4E44494E 
 1707      475F464C 
 1708              	.LASF102:
 1709 023b 6576656E 		.ascii	"eventCode\000"
 1709      74436F64 
 1709      6500
 1710              	.LASF73:
 1711 0245 4359424C 		.ascii	"CYBLE_EVT_L2CAP_CONN_PARAM_UPDATE_REQ\000"
 1711      455F4556 
 1711      545F4C32 
 1711      4341505F 
 1711      434F4E4E 
ARM GAS  C:\Users\Nithish\AppData\Local\Temp\ccjLjZLx.s 			page 35


 1712              	.LASF33:
 1713 026b 4359424C 		.ascii	"CYBLE_EVT_GAP_ENCRYPT_CHANGE\000"
 1713      455F4556 
 1713      545F4741 
 1713      505F454E 
 1713      43525950 
 1714              	.LASF37:
 1715 0288 4359424C 		.ascii	"CYBLE_EVT_GAP_NUMERIC_COMPARISON_REQUEST\000"
 1715      455F4556 
 1715      545F4741 
 1715      505F4E55 
 1715      4D455249 
 1716              	.LASF6:
 1717 02b1 6C6F6E67 		.ascii	"long long int\000"
 1717      206C6F6E 
 1717      6720696E 
 1717      7400
 1718              	.LASF0:
 1719 02bf 7369676E 		.ascii	"signed char\000"
 1719      65642063 
 1719      68617200 
 1720              	.LASF18:
 1721 02cb 4359424C 		.ascii	"CYBLE_EVT_STACK_ON\000"
 1721      455F4556 
 1721      545F5354 
 1721      41434B5F 
 1721      4F4E00
 1722              	.LASF35:
 1723 02de 4359424C 		.ascii	"CYBLE_EVT_GAPC_SCAN_START_STOP\000"
 1723      455F4556 
 1723      545F4741 
 1723      50435F53 
 1723      43414E5F 
 1724              	.LASF93:
 1725 02fd 61637475 		.ascii	"actualLen\000"
 1725      616C4C65 
 1725      6E00
 1726              	.LASF25:
 1727 0307 4359424C 		.ascii	"CYBLE_EVT_GAP_AUTH_REQ\000"
 1727      455F4556 
 1727      545F4741 
 1727      505F4155 
 1727      54485F52 
 1728              	.LASF57:
 1729 031e 4359424C 		.ascii	"CYBLE_EVT_GATTC_READ_RSP\000"
 1729      455F4556 
 1729      545F4741 
 1729      5454435F 
 1729      52454144 
 1730              	.LASF62:
 1731 0337 4359424C 		.ascii	"CYBLE_EVT_GATTS_WRITE_CMD_REQ\000"
 1731      455F4556 
 1731      545F4741 
 1731      5454535F 
 1731      57524954 
 1732              	.LASF30:
 1733 0355 4359424C 		.ascii	"CYBLE_EVT_GAPP_ADVERTISEMENT_START_STOP\000"
ARM GAS  C:\Users\Nithish\AppData\Local\Temp\ccjLjZLx.s 			page 36


 1733      455F4556 
 1733      545F4741 
 1733      50505F41 
 1733      44564552 
 1734              	.LASF118:
 1735 037d 55415254 		.ascii	"UART_1_Start\000"
 1735      5F315F53 
 1735      74617274 
 1735      00
 1736              	.LASF9:
 1737 038a 75696E74 		.ascii	"uint8\000"
 1737      3800
 1738              	.LASF65:
 1739 0390 4359424C 		.ascii	"CYBLE_EVT_GATTC_EXEC_WRITE_RSP\000"
 1739      455F4556 
 1739      545F4741 
 1739      5454435F 
 1739      45584543 
 1740              	.LASF13:
 1741 03af 646F7562 		.ascii	"double\000"
 1741      6C6500
 1742              	.LASF78:
 1743 03b6 4359424C 		.ascii	"CYBLE_EVT_L2CAP_CBFC_DISCONN_IND\000"
 1743      455F4556 
 1743      545F4C32 
 1743      4341505F 
 1743      43424643 
 1744              	.LASF128:
 1745 03d7 53746163 		.ascii	"Stack_Handler\000"
 1745      6B5F4861 
 1745      6E646C65 
 1745      7200
 1746              	.LASF11:
 1747 03e5 75696E74 		.ascii	"uint32\000"
 1747      333200
 1748              	.LASF88:
 1749 03ec 4359424C 		.ascii	"CYBLE_EVT_MAX\000"
 1749      455F4556 
 1749      545F4D41 
 1749      5800
 1750              	.LASF48:
 1751 03fa 4359424C 		.ascii	"CYBLE_EVT_GATTC_ERROR_RSP\000"
 1751      455F4556 
 1751      545F4741 
 1751      5454435F 
 1751      4552524F 
 1752              	.LASF83:
 1753 0414 4359424C 		.ascii	"CYBLE_EVT_L2CAP_CBFC_DATA_WRITE_IND\000"
 1753      455F4556 
 1753      545F4C32 
 1753      4341505F 
 1753      43424643 
 1754              	.LASF119:
 1755 0438 4144435F 		.ascii	"ADC_1_Start\000"
 1755      315F5374 
 1755      61727400 
 1756              	.LASF96:
ARM GAS  C:\Users\Nithish\AppData\Local\Temp\ccjLjZLx.s 			page 37


 1757 0444 61747472 		.ascii	"attrHandle\000"
 1757      48616E64 
 1757      6C6500
 1758              	.LASF95:
 1759 044f 76616C75 		.ascii	"value\000"
 1759      6500
 1760              	.LASF116:
 1761 0455 4379426C 		.ascii	"CyBle_GattsWriteAttributeValue\000"
 1761      655F4761 
 1761      74747357 
 1761      72697465 
 1761      41747472 
 1762              	.LASF70:
 1763 0474 4359424C 		.ascii	"CYBLE_EVT_GATTC_STOP_CMD_COMPLETE\000"
 1763      455F4556 
 1763      545F4741 
 1763      5454435F 
 1763      53544F50 
 1764              	.LASF106:
 1765 0496 53656E73 		.ascii	"SensorValue\000"
 1765      6F725661 
 1765      6C756500 
 1766              	.LASF85:
 1767 04a2 4359424C 		.ascii	"CYBLE_EVT_LE_PING_AUTH_TIMEOUT\000"
 1767      455F4556 
 1767      545F4C45 
 1767      5F50494E 
 1767      475F4155 
 1768              	.LASF120:
 1769 04c1 4144435F 		.ascii	"ADC_1_StartConvert\000"
 1769      315F5374 
 1769      61727443 
 1769      6F6E7665 
 1769      727400
 1770              	.LASF5:
 1771 04d4 6C6F6E67 		.ascii	"long unsigned int\000"
 1771      20756E73 
 1771      69676E65 
 1771      6420696E 
 1771      7400
 1772              	.LASF44:
 1773 04e6 4359424C 		.ascii	"CYBLE_EVT_GAP_CONN_ESTB\000"
 1773      455F4556 
 1773      545F4741 
 1773      505F434F 
 1773      4E4E5F45 
 1774              	.LASF60:
 1775 04fe 4359424C 		.ascii	"CYBLE_EVT_GATTS_WRITE_REQ\000"
 1775      455F4556 
 1775      545F4741 
 1775      5454535F 
 1775      57524954 
 1776              	.LASF52:
 1777 0518 4359424C 		.ascii	"CYBLE_EVT_GATTC_XCHNG_MTU_RSP\000"
 1777      455F4556 
 1777      545F4741 
 1777      5454435F 
ARM GAS  C:\Users\Nithish\AppData\Local\Temp\ccjLjZLx.s 			page 38


 1777      5843484E 
 1778              	.LASF69:
 1779 0536 4359424C 		.ascii	"CYBLE_EVT_GATTS_DATA_SIGNED_CMD_REQ\000"
 1779      455F4556 
 1779      545F4741 
 1779      5454535F 
 1779      44415441 
 1780              	.LASF72:
 1781 055a 4359424C 		.ascii	"CYBLE_EVT_GATTC_LONG_PROCEDURE_END\000"
 1781      455F4556 
 1781      545F4741 
 1781      5454435F 
 1781      4C4F4E47 
 1782              	.LASF98:
 1783 057d 4359424C 		.ascii	"CYBLE_GATTS_HANDLE_VALUE_IND_T\000"
 1783      455F4741 
 1783      5454535F 
 1783      48414E44 
 1783      4C455F56 
 1784              	.LASF17:
 1785 059c 4359424C 		.ascii	"CYBLE_EVT_HOST_INVALID\000"
 1785      455F4556 
 1785      545F484F 
 1785      53545F49 
 1785      4E56414C 
 1786              	.LASF55:
 1787 05b3 4359424C 		.ascii	"CYBLE_EVT_GATTC_FIND_INFO_RSP\000"
 1787      455F4556 
 1787      545F4741 
 1787      5454435F 
 1787      46494E44 
 1788              	.LASF23:
 1789 05d1 4359424C 		.ascii	"CYBLE_EVT_MEMORY_REQUEST\000"
 1789      455F4556 
 1789      545F4D45 
 1789      4D4F5259 
 1789      5F524551 
 1790              	.LASF26:
 1791 05ea 4359424C 		.ascii	"CYBLE_EVT_GAP_PASSKEY_ENTRY_REQUEST\000"
 1791      455F4556 
 1791      545F4741 
 1791      505F5041 
 1791      53534B45 
 1792              	.LASF31:
 1793 060e 4359424C 		.ascii	"CYBLE_EVT_GAP_DEVICE_CONNECTED\000"
 1793      455F4556 
 1793      545F4741 
 1793      505F4445 
 1793      56494345 
 1794              	.LASF121:
 1795 062d 50574D5F 		.ascii	"PWM_Start\000"
 1795      53746172 
 1795      7400
 1796              	.LASF46:
 1797 0637 4359424C 		.ascii	"CYBLE_EVT_GAP_AUTH_REQ_REPLY_ERR\000"
 1797      455F4556 
 1797      545F4741 
ARM GAS  C:\Users\Nithish\AppData\Local\Temp\ccjLjZLx.s 			page 39


 1797      505F4155 
 1797      54485F52 
 1798              	.LASF122:
 1799 0658 4379426C 		.ascii	"CyBle_Start\000"
 1799      655F5374 
 1799      61727400 
 1800              	.LASF27:
 1801 0664 4359424C 		.ascii	"CYBLE_EVT_GAP_PASSKEY_DISPLAY_REQUEST\000"
 1801      455F4556 
 1801      545F4741 
 1801      505F5041 
 1801      53534B45 
 1802              	.LASF117:
 1803 068a 4379426C 		.ascii	"CyBle_GattsIndication\000"
 1803      655F4761 
 1803      74747349 
 1803      6E646963 
 1803      6174696F 
 1804              	.LASF49:
 1805 06a0 4359424C 		.ascii	"CYBLE_EVT_GATT_CONNECT_IND\000"
 1805      455F4556 
 1805      545F4741 
 1805      54545F43 
 1805      4F4E4E45 
 1806              	.LASF91:
 1807 06bb 61747449 		.ascii	"attId\000"
 1807      6400
 1808              	.LASF75:
 1809 06c1 4359424C 		.ascii	"CYBLE_EVT_L2CAP_COMMAND_REJ\000"
 1809      455F4556 
 1809      545F4C32 
 1809      4341505F 
 1809      434F4D4D 
 1810              	.LASF24:
 1811 06dd 4359424C 		.ascii	"CYBLE_EVT_GAPC_SCAN_PROGRESS_RESULT\000"
 1811      455F4556 
 1811      545F4741 
 1811      50435F53 
 1811      43414E5F 
 1812              	.LASF100:
 1813 0701 68616E64 		.ascii	"handleValPair\000"
 1813      6C655661 
 1813      6C506169 
 1813      7200
 1814              	.LASF47:
 1815 070f 4359424C 		.ascii	"CYBLE_EVT_GAP_SMP_LOC_P256_KEYS_GEN_AND_SET_COMPLET"
 1815      455F4556 
 1815      545F4741 
 1815      505F534D 
 1815      505F4C4F 
 1816 0742 4500     		.ascii	"E\000"
 1817              	.LASF76:
 1818 0744 4359424C 		.ascii	"CYBLE_EVT_L2CAP_CBFC_CONN_IND\000"
 1818      455F4556 
 1818      545F4C32 
 1818      4341505F 
 1818      43424643 
ARM GAS  C:\Users\Nithish\AppData\Local\Temp\ccjLjZLx.s 			page 40


 1819              	.LASF54:
 1820 0762 4359424C 		.ascii	"CYBLE_EVT_GATTC_READ_BY_TYPE_RSP\000"
 1820      455F4556 
 1820      545F4741 
 1820      5454435F 
 1820      52454144 
 1821              	.LASF16:
 1822 0783 73697A65 		.ascii	"sizetype\000"
 1822      74797065 
 1822      00
 1823              	.LASF101:
 1824 078c 4359424C 		.ascii	"CYBLE_GATTS_WRITE_REQ_PARAM_T\000"
 1824      455F4741 
 1824      5454535F 
 1824      57524954 
 1824      455F5245 
 1825              	.LASF15:
 1826 07aa 6C6F6E67 		.ascii	"long double\000"
 1826      20646F75 
 1826      626C6500 
 1827              	.LASF29:
 1828 07b6 4359424C 		.ascii	"CYBLE_EVT_GAP_AUTH_FAILED\000"
 1828      455F4556 
 1828      545F4741 
 1828      505F4155 
 1828      54485F46 
 1829              	.LASF109:
 1830 07d0 6379426C 		.ascii	"cyBle_connHandle\000"
 1830      655F636F 
 1830      6E6E4861 
 1830      6E646C65 
 1830      00
 1831              	.LASF61:
 1832 07e1 4359424C 		.ascii	"CYBLE_EVT_GATTC_WRITE_RSP\000"
 1832      455F4556 
 1832      545F4741 
 1832      5454435F 
 1832      57524954 
 1833              	.LASF42:
 1834 07fb 4359424C 		.ascii	"CYBLE_EVT_GAPC_DIRECT_ADV_REPORT\000"
 1834      455F4556 
 1834      545F4741 
 1834      50435F44 
 1834      49524543 
 1835              	.LASF40:
 1836 081c 4359424C 		.ascii	"CYBLE_EVT_GAP_DATA_LENGTH_CHANGE\000"
 1836      455F4556 
 1836      545F4741 
 1836      505F4441 
 1836      54415F4C 
 1837              	.LASF45:
 1838 083d 4359424C 		.ascii	"CYBLE_EVT_GAP_SCAN_REQ_RECVD\000"
 1838      455F4556 
 1838      545F4741 
 1838      505F5343 
 1838      414E5F52 
 1839              	.LASF123:
ARM GAS  C:\Users\Nithish\AppData\Local\Temp\ccjLjZLx.s 			page 41


 1840 085a 4379426C 		.ascii	"CyBle_ProcessEvents\000"
 1840      655F5072 
 1840      6F636573 
 1840      73457665 
 1840      6E747300 
 1841              	.LASF28:
 1842 086e 4359424C 		.ascii	"CYBLE_EVT_GAP_AUTH_COMPLETE\000"
 1842      455F4556 
 1842      545F4741 
 1842      505F4155 
 1842      54485F43 
 1843              	.LASF66:
 1844 088a 4359424C 		.ascii	"CYBLE_EVT_GATTC_HANDLE_VALUE_NTF\000"
 1844      455F4556 
 1844      545F4741 
 1844      5454435F 
 1844      48414E44 
 1845              	.LASF97:
 1846 08ab 4359424C 		.ascii	"CYBLE_GATT_HANDLE_VALUE_PAIR_T\000"
 1846      455F4741 
 1846      54545F48 
 1846      414E444C 
 1846      455F5641 
 1847              	.LASF126:
 1848 08ca 6D61696E 		.ascii	"main.c\000"
 1848      2E6300
 1849              	.LASF77:
 1850 08d1 4359424C 		.ascii	"CYBLE_EVT_L2CAP_CBFC_CONN_CNF\000"
 1850      455F4556 
 1850      545F4C32 
 1850      4341505F 
 1850      43424643 
 1851              	.LASF53:
 1852 08ef 4359424C 		.ascii	"CYBLE_EVT_GATTC_READ_BY_GROUP_TYPE_RSP\000"
 1852      455F4556 
 1852      545F4741 
 1852      5454435F 
 1852      52454144 
 1853              	.LASF104:
 1854 0916 77726974 		.ascii	"writeReqParam\000"
 1854      65526571 
 1854      50617261 
 1854      6D00
 1855              	.LASF111:
 1856 0924 55415254 		.ascii	"UART_1_PutString\000"
 1856      5F315F50 
 1856      75745374 
 1856      72696E67 
 1856      00
 1857              	.LASF113:
 1858 0935 4379426C 		.ascii	"CyBle_GappStartAdvertisement\000"
 1858      655F4761 
 1858      70705374 
 1858      61727441 
 1858      64766572 
 1859              	.LASF124:
 1860 0952 4144435F 		.ascii	"ADC_1_IsEndConversion\000"
ARM GAS  C:\Users\Nithish\AppData\Local\Temp\ccjLjZLx.s 			page 42


 1860      315F4973 
 1860      456E6443 
 1860      6F6E7665 
 1860      7273696F 
 1861              	.LASF50:
 1862 0968 4359424C 		.ascii	"CYBLE_EVT_GATT_DISCONNECT_IND\000"
 1862      455F4556 
 1862      545F4741 
 1862      54545F44 
 1862      4953434F 
 1863              	.LASF127:
 1864 0986 533A5C47 		.ascii	"S:\\Grader\\PSoC Creator\\projects\\BLE_bidirection"
 1864      72616465 
 1864      725C5053 
 1864      6F432043 
 1864      72656174 
 1865 09b5 616C5F63 		.ascii	"al_communication\\BLE_bidirectional_communication\\"
 1865      6F6D6D75 
 1865      6E696361 
 1865      74696F6E 
 1865      5C424C45 
 1866 09e6 424C455F 		.ascii	"BLE_custom_service_characteristics.cydsn\000"
 1866      63757374 
 1866      6F6D5F73 
 1866      65727669 
 1866      63655F63 
 1867              	.LASF1:
 1868 0a0f 756E7369 		.ascii	"unsigned char\000"
 1868      676E6564 
 1868      20636861 
 1868      7200
 1869              	.LASF115:
 1870 0a1d 4144435F 		.ascii	"ADC_1_GetResult16\000"
 1870      315F4765 
 1870      74526573 
 1870      756C7431 
 1870      3600
 1871              	.LASF2:
 1872 0a2f 73686F72 		.ascii	"short int\000"
 1872      7420696E 
 1872      7400
 1873              	.LASF67:
 1874 0a39 4359424C 		.ascii	"CYBLE_EVT_GATTC_HANDLE_VALUE_IND\000"
 1874      455F4556 
 1874      545F4741 
 1874      5454435F 
 1874      48414E44 
 1875              	.LASF86:
 1876 0a5a 4359424C 		.ascii	"CYBLE_EVT_HCI_PKT\000"
 1876      455F4556 
 1876      545F4843 
 1876      495F504B 
 1876      5400
 1877              	.LASF63:
 1878 0a6c 4359424C 		.ascii	"CYBLE_EVT_GATTS_PREP_WRITE_REQ\000"
 1878      455F4556 
 1878      545F4741 
ARM GAS  C:\Users\Nithish\AppData\Local\Temp\ccjLjZLx.s 			page 43


 1878      5454535F 
 1878      50524550 
 1879              	.LASF68:
 1880 0a8b 4359424C 		.ascii	"CYBLE_EVT_GATTS_HANDLE_VALUE_CNF\000"
 1880      455F4556 
 1880      545F4741 
 1880      5454535F 
 1880      48414E44 
 1881              	.LASF110:
 1882 0aac 73656E73 		.ascii	"sensor_data_flag\000"
 1882      6F725F64 
 1882      6174615F 
 1882      666C6167 
 1882      00
 1883              	.LASF43:
 1884 0abd 4359424C 		.ascii	"CYBLE_EVT_GAP_SMP_NEGOTIATED_AUTH_INFO\000"
 1884      455F4556 
 1884      545F4741 
 1884      505F534D 
 1884      505F4E45 
 1885              	.LASF105:
 1886 0ae4 666F726D 		.ascii	"form_data\000"
 1886      5F646174 
 1886      6100
 1887              	.LASF87:
 1888 0aee 4359424C 		.ascii	"CYBLE_EVT_FLASH_CORRUPT\000"
 1888      455F4556 
 1888      545F464C 
 1888      4153485F 
 1888      434F5252 
 1889              	.LASF14:
 1890 0b06 63686172 		.ascii	"char\000"
 1890      00
 1891              	.LASF32:
 1892 0b0b 4359424C 		.ascii	"CYBLE_EVT_GAP_DEVICE_DISCONNECTED\000"
 1892      455F4556 
 1892      545F4741 
 1892      505F4445 
 1892      56494345 
 1893              	.LASF8:
 1894 0b2d 756E7369 		.ascii	"unsigned int\000"
 1894      676E6564 
 1894      20696E74 
 1894      00
 1895              	.LASF71:
 1896 0b3a 4359424C 		.ascii	"CYBLE_EVT_GATTS_READ_CHAR_VAL_ACCESS_REQ\000"
 1896      455F4556 
 1896      545F4741 
 1896      5454535F 
 1896      52454144 
 1897              	.LASF38:
 1898 0b63 4359424C 		.ascii	"CYBLE_EVT_GAP_KEYPRESS_NOTIFICATION\000"
 1898      455F4556 
 1898      545F4741 
 1898      505F4B45 
 1898      59505245 
 1899              	.LASF82:
ARM GAS  C:\Users\Nithish\AppData\Local\Temp\ccjLjZLx.s 			page 44


 1900 0b87 4359424C 		.ascii	"CYBLE_EVT_L2CAP_CBFC_TX_CREDIT_IND\000"
 1900      455F4556 
 1900      545F4C32 
 1900      4341505F 
 1900      43424643 
 1901              	.LASF20:
 1902 0baa 4359424C 		.ascii	"CYBLE_EVT_HARDWARE_ERROR\000"
 1902      455F4556 
 1902      545F4841 
 1902      52445741 
 1902      52455F45 
 1903              	.LASF3:
 1904 0bc3 73686F72 		.ascii	"short unsigned int\000"
 1904      7420756E 
 1904      7369676E 
 1904      65642069 
 1904      6E7400
 1905              	.LASF51:
 1906 0bd6 4359424C 		.ascii	"CYBLE_EVT_GATTS_XCNHG_MTU_REQ\000"
 1906      455F4556 
 1906      545F4741 
 1906      5454535F 
 1906      58434E48 
 1907              	.LASF130:
 1908 0bf4 6D656D73 		.ascii	"memset\000"
 1908      657400
 1909              	.LASF103:
 1910 0bfb 6576656E 		.ascii	"eventParam\000"
 1910      74506172 
 1910      616D00
 1911              	.LASF108:
 1912 0c06 696E6469 		.ascii	"indicationHandle\000"
 1912      63617469 
 1912      6F6E4861 
 1912      6E646C65 
 1912      00
 1913              	.LASF112:
 1914 0c17 55415254 		.ascii	"UART_1_PutChar\000"
 1914      5F315F50 
 1914      75744368 
 1914      617200
 1915              	.LASF58:
 1916 0c26 4359424C 		.ascii	"CYBLE_EVT_GATTC_READ_BLOB_RSP\000"
 1916      455F4556 
 1916      545F4741 
 1916      5454435F 
 1916      52454144 
 1917              	.LASF107:
 1918 0c44 50726576 		.ascii	"PreviousValue\000"
 1918      696F7573 
 1918      56616C75 
 1918      6500
 1919              	.LASF12:
 1920 0c52 666C6F61 		.ascii	"float\000"
 1920      7400
 1921              	.LASF56:
 1922 0c58 4359424C 		.ascii	"CYBLE_EVT_GATTC_FIND_BY_TYPE_VALUE_RSP\000"
ARM GAS  C:\Users\Nithish\AppData\Local\Temp\ccjLjZLx.s 			page 45


 1922      455F4556 
 1922      545F4741 
 1922      5454435F 
 1922      46494E44 
 1923              	.LASF36:
 1924 0c7f 4359424C 		.ascii	"CYBLE_EVT_GAP_KEYINFO_EXCHNGE_CMPLT\000"
 1924      455F4556 
 1924      545F4741 
 1924      505F4B45 
 1924      59494E46 
 1925              	.LASF90:
 1926 0ca3 62644861 		.ascii	"bdHandle\000"
 1926      6E646C65 
 1926      00
 1927              	.LASF74:
 1928 0cac 4359424C 		.ascii	"CYBLE_EVT_L2CAP_CONN_PARAM_UPDATE_RSP\000"
 1928      455F4556 
 1928      545F4C32 
 1928      4341505F 
 1928      434F4E4E 
 1929              	.LASF129:
 1930 0cd2 6D61696E 		.ascii	"main\000"
 1930      00
 1931              	.LASF41:
 1932 0cd7 4359424C 		.ascii	"CYBLE_EVT_GAP_ENHANCE_CONN_COMPLETE\000"
 1932      455F4556 
 1932      545F4741 
 1932      505F454E 
 1932      48414E43 
 1933              	.LASF89:
 1934 0cfb 4359424C 		.ascii	"CYBLE_GATT_DB_ATTR_HANDLE_T\000"
 1934      455F4741 
 1934      54545F44 
 1934      425F4154 
 1934      54525F48 
 1935              	.LASF114:
 1936 0d17 50574D5F 		.ascii	"PWM_WriteCompare\000"
 1936      57726974 
 1936      65436F6D 
 1936      70617265 
 1936      00
 1937              		.ident	"GCC: (GNU Tools for ARM Embedded Processors) 5.4.1 20160609 (release) [ARM/embedded-5-bran
