--------------- Build Started: 11/17/2023 19:10:45 Project: BLE_custom_service_characteristics, Configuration: ARM GCC 5.4-2016-q2-update Debug ---------------
cydsfit.exe -.appdatapath "C:\Users\Nithish\AppData\Local\Cypress Semiconductor\PSoC Creator\4.4" -.fdsnotice -.fdswarpdepfile=warp_dependencies.txt -.fdselabdepfile=elab_dependencies.txt -.fdsbldfile=generated_files.txt -.fdsreffile=referenced_files.txt -p "S:\Grader\PSoC Creator\projects\BLE_bidirectional_communication\BLE_bidirectional_communication\BLE_custom_service_characteristics.cydsn\BLE_custom_service_characteristics.cyprj" -d CY8C4247LQI-BL483 -s "S:\Grader\PSoC Creator\projects\BLE_bidirectional_communication\BLE_bidirectional_communication\BLE_custom_service_characteristics.cydsn\Generated_Source\PSoC4" -- -yv2 -q10 -ygs -o2 -v3 -.fftcfgtype=LE
Elaborating Design...
ADD: sdb.M0061: information: Info from component: ADC_1. The actual sample rate (163265 SPS) differs from the desired sample rate (166666 SPS) due to the clock configuration in the DWR.
 * S:\Grader\PSoC Creator\projects\BLE_bidirectional_communication\BLE_bidirectional_communication\BLE_custom_service_characteristics.cydsn\TopDesign\TopDesign.cysch (Instance:ADC_1)
HDL Generation...
Synthesis...
Tech Mapping...
Analog Placement...
Analog Routing...
Analog Code Generation...
Digital Placement...
Digital Routing...
Bitstream Generation...
Bitstream Verification...
Static timing analysis...
Warning: sta.M0019: BLE_custom_service_characteristics_timing.html: Warning-1366: Setup time violation found in a path from clock ( CyHFClk ) to clock ( UART_1_IntClock ). (File=S:\Grader\PSoC Creator\projects\BLE_bidirectional_communication\BLE_bidirectional_communication\BLE_custom_service_characteristics.cydsn\BLE_custom_service_characteristics_timing.html)
API Generation...
Dependency Generation...
Cleanup...
arm-none-eabi-gcc.exe -mcpu=cortex-m0 -mthumb -I. -IGenerated_Source\PSoC4 -Wa,-alh=.\CortexM0\ARM_GCC_541\Debug/main.lst -g -D DEBUG -D CY_CORE_ID=0 -Wall -ffunction-sections -ffat-lto-objects -Og -c main.c -o .\CortexM0\ARM_GCC_541\Debug\main.o
main.c: In function 'main':
main.c:109:11: warning: variable 'PreviousValue' set but not used [-Wunused-but-set-variable]
     uint8 PreviousValue = -100;
           ^
arm-none-eabi-gcc.exe -mcpu=cortex-m0 -mthumb -I. -IGenerated_Source\PSoC4 -Wa,-alh=.\CortexM0\ARM_GCC_541\Debug/BLE_1.lst -g -D DEBUG -D CY_CORE_ID=0 -Wall -ffunction-sections -ffat-lto-objects -Og -c Generated_Source\PSoC4\BLE_1.c -o .\CortexM0\ARM_GCC_541\Debug\BLE_1.o
arm-none-eabi-gcc.exe -mcpu=cortex-m0 -mthumb -I. -IGenerated_Source\PSoC4 -Wa,-alh=.\CortexM0\ARM_GCC_541\Debug/BLE_1_gatt.lst -g -D DEBUG -D CY_CORE_ID=0 -Wall -ffunction-sections -ffat-lto-objects -Og -c Generated_Source\PSoC4\BLE_1_gatt.c -o .\CortexM0\ARM_GCC_541\Debug\BLE_1_gatt.o
arm-none-eabi-gcc.exe -mcpu=cortex-m0 -mthumb -I. -IGenerated_Source\PSoC4 -Wa,-alh=.\CortexM0\ARM_GCC_541\Debug/BLE_1_eventHandler.lst -g -D DEBUG -D CY_CORE_ID=0 -Wall -ffunction-sections -ffat-lto-objects -Og -c Generated_Source\PSoC4\BLE_1_eventHandler.c -o .\CortexM0\ARM_GCC_541\Debug\BLE_1_eventHandler.o
arm-none-eabi-gcc.exe -mcpu=cortex-m0 -mthumb -I. -IGenerated_Source\PSoC4 -Wa,-alh=.\CortexM0\ARM_GCC_541\Debug/BLE_1_HAL_INT.lst -g -D DEBUG -D CY_CORE_ID=0 -Wall -ffunction-sections -ffat-lto-objects -Og -c Generated_Source\PSoC4\BLE_1_HAL_INT.c -o .\CortexM0\ARM_GCC_541\Debug\BLE_1_HAL_INT.o
arm-none-eabi-gcc.exe -mcpu=cortex-m0 -mthumb -I. -IGenerated_Source\PSoC4 -Wa,-alh=.\CortexM0\ARM_GCC_541\Debug/BLE_1_HAL_PVT.lst -g -D DEBUG -D CY_CORE_ID=0 -Wall -ffunction-sections -ffat-lto-objects -Og -c Generated_Source\PSoC4\BLE_1_HAL_PVT.c -o .\CortexM0\ARM_GCC_541\Debug\BLE_1_HAL_PVT.o
arm-none-eabi-gcc.exe -mcpu=cortex-m0 -mthumb -I. -IGenerated_Source\PSoC4 -Wa,-alh=.\CortexM0\ARM_GCC_541\Debug/BLE_1_custom.lst -g -D DEBUG -D CY_CORE_ID=0 -Wall -ffunction-sections -ffat-lto-objects -Og -c Generated_Source\PSoC4\BLE_1_custom.c -o .\CortexM0\ARM_GCC_541\Debug\BLE_1_custom.o
arm-none-eabi-ar.exe -rs .\CortexM0\ARM_GCC_541\Debug\BLE_custom_service_characteristics.a .\CortexM0\ARM_GCC_541\Debug\BLE_1.o .\CortexM0\ARM_GCC_541\Debug\BLE_1_gatt.o .\CortexM0\ARM_GCC_541\Debug\BLE_1_eventHandler.o .\CortexM0\ARM_GCC_541\Debug\BLE_1_HAL_INT.o .\CortexM0\ARM_GCC_541\Debug\BLE_1_HAL_PVT.o .\CortexM0\ARM_GCC_541\Debug\BLE_1_custom.o .\CortexM0\ARM_GCC_541\Debug\LED.o .\CortexM0\ARM_GCC_541\Debug\LED_PM.o .\CortexM0\ARM_GCC_541\Debug\PWM.o .\CortexM0\ARM_GCC_541\Debug\PWM_PM.o .\CortexM0\ARM_GCC_541\Debug\Clock_1.o .\CortexM0\ARM_GCC_541\Debug\BLE_1_bless_isr.o .\CortexM0\ARM_GCC_541\Debug\CyFlash.o .\CortexM0\ARM_GCC_541\Debug\CyLib.o .\CortexM0\ARM_GCC_541\Debug\cyPm.o .\CortexM0\ARM_GCC_541\Debug\cyutils.o .\CortexM0\ARM_GCC_541\Debug\CyLFClk.o .\CortexM0\ARM_GCC_541\Debug\cy_em_eeprom.o .\CortexM0\ARM_GCC_541\Debug\ADC_1.o .\CortexM0\ARM_GCC_541\Debug\ADC_1_PM.o .\CortexM0\ARM_GCC_541\Debug\ADC_1_INT.o .\CortexM0\ARM_GCC_541\Debug\Pot_Output.o .\CortexM0\ARM_GCC_541\Debug\Pot_Output_PM.o .\CortexM0\ARM_GCC_541\Debug\UART_1.o .\CortexM0\ARM_GCC_541\Debug\UART_1_PM.o .\CortexM0\ARM_GCC_541\Debug\UART_1_INT.o .\CortexM0\ARM_GCC_541\Debug\UART_1_BOOT.o .\CortexM0\ARM_GCC_541\Debug\ADC_1_IRQ.o .\CortexM0\ARM_GCC_541\Debug\ADC_1_intClock.o .\CortexM0\ARM_GCC_541\Debug\UART_1_IntClock.o .\CortexM0\ARM_GCC_541\Debug\CyBootAsmGnu.o
arm-none-eabi-ar.exe: creating .\CortexM0\ARM_GCC_541\Debug\BLE_custom_service_characteristics.a
arm-none-eabi-gcc.exe -Wl,--start-group -o "S:\Grader\PSoC Creator\projects\BLE_bidirectional_communication\BLE_bidirectional_communication\BLE_custom_service_characteristics.cydsn\CortexM0\ARM_GCC_541\Debug\BLE_custom_service_characteristics.elf" .\CortexM0\ARM_GCC_541\Debug\main.o .\CortexM0\ARM_GCC_541\Debug\cyfitter_cfg.o .\CortexM0\ARM_GCC_541\Debug\cymetadata.o .\CortexM0\ARM_GCC_541\Debug\Cm0Start.o .\CortexM0\ARM_GCC_541\Debug\BLE_custom_service_characteristics.a "C:\Program Files (x86)\Cypress\PSoC Creator\4.4\PSoC Creator\psoc\content\CyComponentLibrary\CyComponentLibrary.cylib\BLE_v3_66\Library\gccCyBLEStack_BLE_SOC_PERIPHERAL.a" -mcpu=cortex-m0 -mthumb -L Generated_Source\PSoC4 -Wl,-Map,.\CortexM0\ARM_GCC_541\Debug/BLE_custom_service_characteristics.map -T Generated_Source\PSoC4\cm0gcc.ld -specs=nano.specs -Wl,--gc-sections -g -ffunction-sections -Og -ffat-lto-objects -Wl,--end-group
cyelftool.exe -C "S:\Grader\PSoC Creator\projects\BLE_bidirectional_communication\BLE_bidirectional_communication\BLE_custom_service_characteristics.cydsn\CortexM0\ARM_GCC_541\Debug\BLE_custom_service_characteristics.elf" --flash_row_size 128 --flash_size 131072 --flash_offset 0x00000000
No ELF section .cychecksum found, creating one
Application checksum calculated and stored in ELF section .cychecksum
Checksum calculated and stored in ELF section .cymeta
cyelftool.exe -S "S:\Grader\PSoC Creator\projects\BLE_bidirectional_communication\BLE_bidirectional_communication\BLE_custom_service_characteristics.cydsn\CortexM0\ARM_GCC_541\Debug\BLE_custom_service_characteristics.elf"
Flash used: 82514 of 131072 bytes (63.0%).
SRAM used: 11024 of 16384 bytes (67.3%). Stack: 2048 bytes. Heap: 128 bytes.
--------------- Build Succeeded: 11/17/2023 19:11:02 ---------------
