--------------- Clean Started: 10/21/2023 21:23:52 Project: app_dev2_LED_alert_custom_service, Configuration: ARM GCC 5.4-2016-q2-update Debug ---------------
Deleting file ".\CortexM0\ARM_GCC_541\Debug\main.o"
Deleting file ".\CortexM0\ARM_GCC_541\Debug\cyfitter_cfg.o"
Deleting file ".\CortexM0\ARM_GCC_541\Debug\cymetadata.o"
Deleting file ".\CortexM0\ARM_GCC_541\Debug\BLE_1.o"
Deleting file ".\CortexM0\ARM_GCC_541\Debug\BLE_1_gatt.o"
Deleting file ".\CortexM0\ARM_GCC_541\Debug\BLE_1_eventHandler.o"
Deleting file ".\CortexM0\ARM_GCC_541\Debug\BLE_1_HAL_INT.o"
Deleting file ".\CortexM0\ARM_GCC_541\Debug\BLE_1_HAL_PVT.o"
Deleting file ".\CortexM0\ARM_GCC_541\Debug\BLE_1_custom.o"
Deleting file ".\CortexM0\ARM_GCC_541\Debug\LED.o"
Deleting file ".\CortexM0\ARM_GCC_541\Debug\LED_PM.o"
Deleting file ".\CortexM0\ARM_GCC_541\Debug\PWM.o"
Deleting file ".\CortexM0\ARM_GCC_541\Debug\PWM_PM.o"
Deleting file ".\CortexM0\ARM_GCC_541\Debug\Clock_1.o"
Deleting file ".\CortexM0\ARM_GCC_541\Debug\BLE_1_bless_isr.o"
Deleting file ".\CortexM0\ARM_GCC_541\Debug\Cm0Start.o"
Deleting file ".\CortexM0\ARM_GCC_541\Debug\CyFlash.o"
Deleting file ".\CortexM0\ARM_GCC_541\Debug\CyLib.o"
Deleting file ".\CortexM0\ARM_GCC_541\Debug\cyPm.o"
Deleting file ".\CortexM0\ARM_GCC_541\Debug\cyutils.o"
Deleting file ".\CortexM0\ARM_GCC_541\Debug\CyBootAsmGnu.o"
Deleting file ".\CortexM0\ARM_GCC_541\Debug\CyLFClk.o"
Deleting file ".\CortexM0\ARM_GCC_541\Debug\cy_em_eeprom.o"
Deleting file ".\CortexM0\ARM_GCC_541\Debug\app_dev2_LED_alert_custom_service.hex"
Deleting file ".\CortexM0\ARM_GCC_541\Debug\app_dev2_LED_alert_custom_service.elf"
Deleting file ".\CortexM0\ARM_GCC_541\Debug\app_dev2_LED_alert_custom_service.map"
Deleting file ".\app_dev2_LED_alert_custom_service.cycdx"
Deleting file ".\app_dev2_LED_alert_custom_service.svd"
Deleting file ".\app_dev2_LED_alert_custom_service.rpt"
Deleting file ".\app_dev2_LED_alert_custom_service_timing.html"
Deleting file ".\CortexM0\ARM_GCC_541\Debug\.deps\SOURCE_C__ARM_GCC_GENERIC.P"
Deleting file ".\CortexM0\ARM_GCC_541\Debug\.deps\SOURCE_ASM__ARM_GCC_GENERIC.P"
--------------- Clean Succeeded: 10/21/2023 21:23:52 ---------------
